02:44:44: Creating resource group General
02:44:44: Creating resource group Internal
02:44:44: Creating resource group Autodetect
02:44:44: SceneManagerFactory for type 'DefaultSceneManager' registered.
02:44:44: Registering ResourceManager for type Material
02:44:44: Registering ResourceManager for type Mesh
02:44:44: Registering ResourceManager for type Skeleton
02:44:44: MovableObjectFactory for type 'ParticleSystem' registered.
02:44:44: ArchiveFactory for archive type FileSystem registered.
02:44:44: ArchiveFactory for archive type Zip registered.
02:44:44: ArchiveFactory for archive type EmbeddedZip registered.
02:44:44: DDS codec registering
02:44:44: FreeImage version: 3.18.0
02:44:44: This program uses FreeImage, a free, open source image library supporting all common bitmap formats. See http://freeimage.sourceforge.net for details
02:44:44: Supported formats: bmp,ico,jpg,jif,jpeg,jpe,jng,koa,iff,lbm,mng,pbm,pbm,pcd,pcx,pgm,pgm,png,ppm,ppm,ras,tga,targa,tif,tiff,wap,wbmp,wbm,psd,psb,cut,xbm,xpm,gif,hdr,g3,sgi,rgb,rgba,bw,exr,j2k,j2c,jp2,pfm,pct,pict,pic,3fr,arw,bay,bmq,cap,cine,cr2,crw,cs1,dc2,dcr,drf,dsc,dng,erf,fff,ia,iiq,k25,kc2,kdc,mdc,mef,mos,mrw,nef,nrw,orf,pef,ptx,pxn,qtk,raf,raw,rdc,rw2,rwl,rwz,sr2,srf,srw,sti,x3f,webp,jxr,wdp,hdp
02:44:44: PVRTC codec registering
02:44:44: ETC codec registering
02:44:44: Registering ResourceManager for type HighLevelGpuProgram
02:44:44: Registering ResourceManager for type Compositor
02:44:44: MovableObjectFactory for type 'Entity' registered.
02:44:44: MovableObjectFactory for type 'Light' registered.
02:44:44: MovableObjectFactory for type 'BillboardSet' registered.
02:44:44: MovableObjectFactory for type 'ManualObject' registered.
02:44:44: MovableObjectFactory for type 'BillboardChain' registered.
02:44:44: MovableObjectFactory for type 'RibbonTrail' registered.
02:44:44: *-*-* OGRE Initialising
02:44:44: *-*-* Version 1.9.0 (Ghadamon)
02:44:44: OverlayElementFactory for type Panel registered.
02:44:44: OverlayElementFactory for type BorderPanel registered.
02:44:44: OverlayElementFactory for type TextArea registered.
02:44:44: Registering ResourceManager for type Font
02:44:44: Loading library /usr/lib/x86_64-linux-gnu/OGRE-1.9.0/RenderSystem_GL.so
02:44:44: Installing plugin: GL RenderSystem
02:44:44: OpenGL Rendering Subsystem created.
02:44:44: Plugin successfully installed
02:44:44: Loading library /usr/lib/x86_64-linux-gnu/OGRE-1.9.0/Plugin_ParticleFX.so
02:44:44: Installing plugin: ParticleFX
02:44:44: Particle Emitter Type 'Point' registered
02:44:44: Particle Emitter Type 'Box' registered
02:44:44: Particle Emitter Type 'Ellipsoid' registered
02:44:44: Particle Emitter Type 'Cylinder' registered
02:44:44: Particle Emitter Type 'Ring' registered
02:44:44: Particle Emitter Type 'HollowEllipsoid' registered
02:44:44: Particle Affector Type 'LinearForce' registered
02:44:44: Particle Affector Type 'ColourFader' registered
02:44:44: Particle Affector Type 'ColourFader2' registered
02:44:44: Particle Affector Type 'ColourImage' registered
02:44:44: Particle Affector Type 'ColourInterpolator' registered
02:44:44: Particle Affector Type 'Scaler' registered
02:44:44: Particle Affector Type 'Rotator' registered
02:44:44: Particle Affector Type 'DirectionRandomiser' registered
02:44:44: Particle Affector Type 'DeflectorPlane' registered
02:44:44: Plugin successfully installed
02:44:44: Loading library /usr/lib/x86_64-linux-gnu/OGRE-1.9.0/Plugin_BSPSceneManager.so
02:44:44: Installing plugin: BSP Scene Manager
02:44:44: Plugin successfully installed
02:44:44: Loading library /usr/lib/x86_64-linux-gnu/OGRE-1.9.0/Plugin_OctreeSceneManager.so
02:44:44: Installing plugin: Octree Scene Manager
02:44:44: Plugin successfully installed
02:44:44: CPU Identifier & Features
02:44:44: -------------------------
02:44:44:  *   CPU ID: GenuineIntel: Intel(R) Core(TM) i7-8750H CPU @ 2.20GHz
02:44:44:  *      SSE: yes
02:44:44:  *     SSE2: yes
02:44:44:  *     SSE3: yes
02:44:44:  *      MMX: yes
02:44:44:  *   MMXEXT: yes
02:44:44:  *    3DNOW: no
02:44:44:  * 3DNOWEXT: no
02:44:44:  *     CMOV: yes
02:44:44:  *      TSC: yes
02:44:44:  *      FPU: yes
02:44:44:  *      PRO: yes
02:44:44:  *       HT: no
02:44:44: -------------------------
02:44:44: ******************************
*** Starting GLX Subsystem ***
******************************
02:44:44: Registering ResourceManager for type Texture
02:44:44: Added resource location '/usr/share/gazebo-11/' of type 'FileSystem' to resource group 'General'
02:44:44: Added resource location '/usr/share/gazebo-11/media' of type 'FileSystem' to resource group 'General'
02:44:44: Creating resource group SkyX
02:44:44: Added resource location '/usr/share/gazebo-11/media/skyx' of type 'FileSystem' to resource group 'SkyX'
02:44:44: Added resource location '/usr/share/gazebo-11/media/rtshaderlib150' of type 'FileSystem' to resource group 'General'
02:44:44: Added resource location '/usr/share/gazebo-11/media/rtshaderlib' of type 'FileSystem' to resource group 'General'
02:44:44: Added resource location '/usr/share/gazebo-11/media/materials/programs' of type 'FileSystem' to resource group 'General'
02:44:44: Added resource location '/usr/share/gazebo-11/media/materials/scripts' of type 'FileSystem' to resource group 'General'
02:44:44: Added resource location '/usr/share/gazebo-11/media/materials/textures' of type 'FileSystem' to resource group 'General'
02:44:44: Added resource location '/usr/share/gazebo-11/media/media/models' of type 'FileSystem' to resource group 'General'
02:44:44: Creating resource group Fonts
02:44:44: Added resource location '/usr/share/gazebo-11/media/fonts' of type 'FileSystem' to resource group 'Fonts'
02:44:44: Creating resource group LookNFeel
02:44:44: Added resource location '/usr/share/gazebo-11/media/gui/looknfeel' of type 'FileSystem' to resource group 'LookNFeel'
02:44:44: Creating resource group Schemes
02:44:44: Added resource location '/usr/share/gazebo-11/media/gui/schemes' of type 'FileSystem' to resource group 'Schemes'
02:44:44: Creating resource group Imagesets
02:44:44: Added resource location '/usr/share/gazebo-11/media/gui/imagesets' of type 'FileSystem' to resource group 'Imagesets'
02:44:44: Added resource location '/usr/share/gazebo-11/media/gui/fonts' of type 'FileSystem' to resource group 'Fonts'
02:44:44: Creating resource group Layouts
02:44:44: Added resource location '/usr/share/gazebo-11/media/gui/layouts' of type 'FileSystem' to resource group 'Layouts'
02:44:44: Creating resource group Animations
02:44:44: Added resource location '/usr/share/gazebo-11/media/gui/animations' of type 'FileSystem' to resource group 'Animations'
02:44:44: GLRenderSystem::_createRenderWindow "OgreWindow(0)", 1x1 windowed  miscParams: FSAA=4 border=none contentScalingFactor=1.000000 macAPI=cocoa macAPICocoaUseNSView=true parentWindowHandle=92274689 stereoMode=Frame Sequential 
02:44:44: GLXWindow::create used FBConfigID = 662
02:44:44: GL_VERSION = 4.6 (Compatibility Profile) Mesa 23.2.1-1ubuntu3.1~22.04.2
02:44:44: GL_VENDOR = Intel
02:44:44: GL_RENDERER = Mesa Intel(R) UHD Graphics 630 (CFL GT2)
02:44:44: GL_EXTENSIONS = GL_ARB_multisample GL_EXT_abgr GL_EXT_bgra GL_EXT_blend_color GL_EXT_blend_minmax GL_EXT_blend_subtract GL_EXT_copy_texture GL_EXT_subtexture GL_EXT_texture_object GL_EXT_vertex_array GL_EXT_compiled_vertex_array GL_EXT_texture GL_EXT_texture3D GL_IBM_rasterpos_clip GL_ARB_point_parameters GL_EXT_draw_range_elements GL_EXT_packed_pixels GL_EXT_point_parameters GL_EXT_rescale_normal GL_EXT_separate_specular_color GL_EXT_texture_edge_clamp GL_SGIS_generate_mipmap GL_SGIS_texture_border_clamp GL_SGIS_texture_edge_clamp GL_SGIS_texture_lod GL_ARB_framebuffer_sRGB GL_ARB_multitexture GL_EXT_framebuffer_sRGB GL_IBM_multimode_draw_arrays GL_IBM_texture_mirrored_repeat GL_3DFX_texture_compression_FXT1 GL_ARB_texture_cube_map GL_ARB_texture_env_add GL_ARB_transpose_matrix GL_EXT_blend_func_separate GL_EXT_fog_coord GL_EXT_multi_draw_arrays GL_EXT_secondary_color GL_EXT_texture_env_add GL_EXT_texture_filter_anisotropic GL_EXT_texture_lod_bias GL_INGR_blend_func_separate GL_NV_blend_square GL_NV_light_max_exponent GL_NV_texgen_reflection GL_NV_texture_env_combine4 GL_S3_s3tc GL_SUN_multi_draw_arrays GL_ARB_texture_border_clamp GL_ARB_texture_compression GL_EXT_framebuffer_object GL_EXT_texture_compression_s3tc GL_EXT_texture_env_combine GL_EXT_texture_env_dot3 GL_MESA_window_pos GL_NV_packed_depth_stencil GL_NV_texture_rectangle GL_ARB_depth_texture GL_ARB_occlusion_query GL_ARB_shadow GL_ARB_texture_env_combine GL_ARB_texture_env_crossbar GL_ARB_texture_env_dot3 GL_ARB_texture_mirrored_repeat GL_ARB_window_pos GL_ATI_fragment_shader GL_EXT_stencil_two_side GL_EXT_texture_cube_map GL_NV_copy_depth_to_color GL_NV_depth_clamp GL_NV_fog_distance GL_NV_half_float GL_APPLE_packed_pixels GL_ARB_draw_buffers GL_ARB_fragment_program GL_ARB_fragment_shader GL_ARB_shader_objects GL_ARB_vertex_program GL_ARB_vertex_shader GL_ATI_draw_buffers GL_ATI_texture_env_combine3 GL_ATI_texture_float GL_EXT_shadow_funcs GL_EXT_stencil_wrap GL_MESA_pack_invert GL_NV_primitive_restart GL_ARB_depth_clamp GL_ARB_fragment_program_shadow GL_ARB_half_float_pixel GL_ARB_occlusion_query2 GL_ARB_point_sprite GL_ARB_shading_language_100 GL_ARB_sync GL_ARB_texture_non_power_of_two GL_ARB_vertex_buffer_object GL_ATI_blend_equation_separate GL_EXT_blend_equation_separate GL_OES_read_format GL_ARB_color_buffer_float GL_ARB_pixel_buffer_object GL_ARB_texture_compression_rgtc GL_ARB_texture_float GL_ARB_texture_rectangle GL_ATI_texture_compression_3dc GL_EXT_packed_float GL_EXT_pixel_buffer_object GL_EXT_texture_compression_dxt1 GL_EXT_texture_compression_rgtc GL_EXT_texture_rectangle GL_EXT_texture_sRGB GL_EXT_texture_shared_exponent GL_ARB_framebuffer_object GL_EXT_framebuffer_blit GL_EXT_framebuffer_multisample GL_EXT_packed_depth_stencil GL_ARB_vertex_array_object GL_ATI_separate_stencil GL_EXT_draw_buffers2 GL_EXT_draw_instanced GL_EXT_gpu_program_parameters GL_EXT_gpu_shader4 GL_EXT_texture_array GL_EXT_texture_compression_latc GL_EXT_texture_integer GL_EXT_texture_sRGB_decode GL_EXT_timer_query GL_OES_EGL_image GL_AMD_performance_monitor GL_EXT_texture_buffer_object GL_AMD_texture_texture4 GL_ARB_copy_buffer GL_ARB_depth_buffer_float GL_ARB_draw_instanced GL_ARB_half_float_vertex GL_ARB_instanced_arrays GL_ARB_map_buffer_range GL_ARB_texture_buffer_object GL_ARB_texture_rg GL_ARB_texture_swizzle GL_ARB_vertex_array_bgra GL_EXT_texture_swizzle GL_EXT_vertex_array_bgra GL_NV_conditional_render GL_AMD_conservative_depth GL_AMD_depth_clamp_separate GL_AMD_draw_buffers_blend GL_AMD_seamless_cubemap_per_texture GL_AMD_shader_stencil_export GL_ARB_ES2_compatibility GL_ARB_blend_func_extended GL_ARB_compatibility GL_ARB_debug_output GL_ARB_draw_buffers_blend GL_ARB_draw_elements_base_vertex GL_ARB_explicit_attrib_location GL_ARB_fragment_coord_conventions GL_ARB_provoking_vertex GL_ARB_sample_shading GL_ARB_sampler_objects GL_ARB_seamless_cube_map GL_ARB_shader_stencil_export GL_ARB_shader_texture_lod GL_ARB_tessellation_shader GL_ARB_texture_buffer_object_rgb32 GL_ARB_texture_cube_map_array GL_ARB_texture_gather GL_ARB_texture_multisample GL_ARB_texture_query_lod GL_ARB_texture_rgb10_a2ui GL_ARB_uniform_buffer_object GL_ARB_vertex_type_2_10_10_10_rev GL_EXT_provoking_vertex GL_EXT_texture_snorm GL_MESA_texture_signed_rgba GL_NV_copy_image GL_NV_texture_barrier GL_ARB_draw_indirect GL_ARB_get_program_binary GL_ARB_gpu_shader5 GL_ARB_gpu_shader_fp64 GL_ARB_robustness GL_ARB_separate_shader_objects GL_ARB_shader_bit_encoding GL_ARB_shader_precision GL_ARB_shader_subroutine GL_ARB_texture_compression_bptc GL_ARB_timer_query GL_ARB_transform_feedback2 GL_ARB_transform_feedback3 GL_ARB_vertex_attrib_64bit GL_ARB_viewport_array GL_EXT_direct_state_access GL_EXT_vertex_attrib_64bit GL_AMD_multi_draw_indirect GL_ANGLE_texture_compression_dxt3 GL_ANGLE_texture_compression_dxt5 GL_ARB_base_instance GL_ARB_compressed_texture_pixel_storage GL_ARB_conservative_depth GL_ARB_internalformat_query GL_ARB_map_buffer_alignment GL_ARB_shader_atomic_counters GL_ARB_shader_image_load_store GL_ARB_shading_language_420pack GL_ARB_shading_language_packing GL_ARB_texture_storage GL_ARB_transform_feedback_instanced GL_EXT_framebuffer_multisample_blit_scaled GL_EXT_transform_feedback GL_AMD_query_buffer_object GL_AMD_shader_trinary_minmax GL_AMD_vertex_shader_layer GL_AMD_vertex_shader_viewport_index GL_ARB_ES3_compatibility GL_ARB_arrays_of_arrays GL_ARB_clear_buffer_object GL_ARB_compute_shader GL_ARB_copy_image GL_ARB_explicit_uniform_location GL_ARB_fragment_layer_viewport GL_ARB_framebuffer_no_attachments GL_ARB_invalidate_subdata GL_ARB_multi_draw_indirect GL_ARB_program_interface_query GL_ARB_robust_buffer_access_behavior GL_ARB_shader_image_size GL_ARB_shader_storage_buffer_object GL_ARB_stencil_texturing GL_ARB_texture_buffer_range GL_ARB_texture_query_levels GL_ARB_texture_storage_multisample GL_ARB_texture_view GL_ARB_vertex_attrib_binding GL_KHR_debug GL_KHR_robustness GL_KHR_texture_compression_astc_ldr GL_AMD_pinned_memory GL_ARB_buffer_storage GL_ARB_clear_texture GL_ARB_compute_variable_group_size GL_ARB_enhanced_layouts GL_ARB_indirect_parameters GL_ARB_internalformat_query2 GL_ARB_multi_bind GL_ARB_query_buffer_object GL_ARB_seamless_cubemap_per_texture GL_ARB_shader_draw_parameters GL_ARB_shader_group_vote GL_ARB_shading_language_include GL_ARB_texture_mirror_clamp_to_edge GL_ARB_texture_stencil8 GL_ARB_vertex_type_10f_11f_11f_rev GL_EXT_debug_label GL_EXT_shader_framebuffer_fetch GL_EXT_shader_integer_mix GL_INTEL_performance_query GL_ARB_ES3_1_compatibility GL_ARB_clip_control GL_ARB_conditional_render_inverted GL_ARB_cull_distance GL_ARB_derivative_control GL_ARB_direct_state_access GL_ARB_get_texture_sub_image GL_ARB_pipeline_statistics_query GL_ARB_shader_texture_image_samples GL_ARB_texture_barrier GL_ARB_transform_feedback_overflow_query GL_EXT_polygon_offset_clamp GL_KHR_blend_equation_advanced GL_KHR_blend_equation_advanced_coherent GL_KHR_context_flush_control GL_KHR_robust_buffer_access_behavior GL_ARB_ES3_2_compatibility GL_ARB_fragment_shader_interlock GL_ARB_gpu_shader_int64 GL_ARB_parallel_shader_compile GL_ARB_post_depth_coverage GL_ARB_shader_atomic_counter_ops GL_ARB_shader_ballot GL_ARB_shader_clock GL_ARB_shader_viewport_layer_array GL_EXT_shader_samples_identical GL_EXT_texture_sRGB_R8 GL_KHR_no_error GL_KHR_texture_compression_astc_sliced_3d GL_NV_fragment_shader_interlock GL_ARB_gl_spirv GL_ARB_spirv_extensions GL_MESA_shader_integer_functions GL_ARB_polygon_offset_clamp GL_ARB_texture_filter_anisotropic GL_EXT_memory_object GL_EXT_memory_object_fd GL_EXT_semaphore GL_EXT_semaphore_fd GL_KHR_parallel_shader_compile GL_NV_alpha_to_coverage_dither_control GL_EXT_EGL_image_storage GL_EXT_shader_framebuffer_fetch_non_coherent GL_EXT_texture_shadow_lod GL_INTEL_blackhole_render GL_INTEL_shader_atomic_float_minmax GL_INTEL_shader_integer_functions2 GL_MESA_framebuffer_flip_y GL_NV_compute_shader_derivatives GL_EXT_EGL_sync GL_EXT_demote_to_helper_invocation GL_NV_ES1_1_compatibility 
02:44:44: Supported GLX extensions: GLX_ARB_context_flush_control GLX_ARB_create_context GLX_ARB_create_context_no_error GLX_ARB_create_context_profile GLX_ARB_create_context_robustness GLX_ARB_fbconfig_float GLX_ARB_framebuffer_sRGB GLX_ARB_get_proc_address GLX_ARB_multisample GLX_EXT_buffer_age GLX_EXT_create_context_es2_profile GLX_EXT_create_context_es_profile GLX_EXT_fbconfig_packed_float GLX_EXT_framebuffer_sRGB GLX_EXT_no_config_context GLX_EXT_swap_control GLX_EXT_swap_control_tear GLX_EXT_texture_from_pixmap GLX_EXT_visual_info GLX_EXT_visual_rating GLX_INTEL_swap_event GLX_MESA_copy_sub_buffer GLX_MESA_query_renderer GLX_MESA_swap_control GLX_OML_swap_method GLX_OML_sync_control GLX_SGIS_multisample GLX_SGIX_fbconfig GLX_SGIX_pbuffer GLX_SGIX_visual_select_group GLX_SGI_make_current_read GLX_SGI_swap_control GLX_SGI_video_sync 
02:44:44: ***************************
02:44:44: *** GL Renderer Started ***
02:44:44: ***************************
02:44:44: Registering ResourceManager for type GpuProgram
02:44:44: GLSL support detected
02:44:44: GL: Using GL_EXT_framebuffer_object for rendering to textures (best)
02:44:44: FBO PF_UNKNOWN depth/stencil support: D0S1 D0S4 D0S8 D0S16 D16S0 D24S0 D32S0 Packed-D24S8 
02:44:44: FBO PF_L8 depth/stencil support: D0S0 D0S1 D0S4 D0S8 D0S16 D16S0 D24S0 D32S0 Packed-D24S8 
02:44:44: FBO PF_L16 depth/stencil support: D0S0 D0S1 D0S4 D0S8 D0S16 D16S0 D24S0 D32S0 Packed-D24S8 
02:44:44: FBO PF_A8 depth/stencil support: D0S0 D0S1 D0S4 D0S8 D0S16 D16S0 D24S0 D32S0 Packed-D24S8 
02:44:44: FBO PF_R5G6B5 depth/stencil support: D0S0 D0S1 D0S4 D0S8 D0S16 D16S0 D24S0 D32S0 Packed-D24S8 
02:44:44: FBO PF_B5G6R5 depth/stencil support: D0S0 D0S1 D0S4 D0S8 D0S16 D16S0 D24S0 D32S0 Packed-D24S8 
02:44:44: FBO PF_A4R4G4B4 depth/stencil support: D0S0 D0S1 D0S4 D0S8 D0S16 D16S0 D24S0 D32S0 Packed-D24S8 
02:44:44: FBO PF_A1R5G5B5 depth/stencil support: D0S0 D0S1 D0S4 D0S8 D0S16 D16S0 D24S0 D32S0 Packed-D24S8 
02:44:44: FBO PF_R8G8B8 depth/stencil support: D0S0 D0S1 D0S4 D0S8 D0S16 D16S0 D24S0 D32S0 Packed-D24S8 
02:44:44: FBO PF_B8G8R8 depth/stencil support: D0S0 D0S1 D0S4 D0S8 D0S16 D16S0 D24S0 D32S0 Packed-D24S8 
02:44:44: FBO PF_A8R8G8B8 depth/stencil support: D0S0 D0S1 D0S4 D0S8 D0S16 D16S0 D24S0 D32S0 Packed-D24S8 
02:44:44: FBO PF_B8G8R8A8 depth/stencil support: D0S0 D0S1 D0S4 D0S8 D0S16 D16S0 D24S0 D32S0 Packed-D24S8 
02:44:44: FBO PF_A2R10G10B10 depth/stencil support: D0S0 D0S1 D0S4 D0S8 D0S16 D16S0 D24S0 D32S0 Packed-D24S8 
02:44:44: FBO PF_A2B10G10R10 depth/stencil support: D0S0 D0S1 D0S4 D0S8 D0S16 D16S0 D24S0 D32S0 Packed-D24S8 
02:44:44: FBO PF_FLOAT16_RGB depth/stencil support: D0S0 D0S1 D0S4 D0S8 D0S16 D16S0 D24S0 D32S0 Packed-D24S8 
02:44:44: FBO PF_FLOAT16_RGBA depth/stencil support: D0S0 D0S1 D0S4 D0S8 D0S16 D16S0 D24S0 D32S0 Packed-D24S8 
02:44:44: FBO PF_FLOAT32_RGB depth/stencil support: D0S0 D0S1 D0S4 D0S8 D0S16 D16S0 D24S0 D32S0 Packed-D24S8 
02:44:44: FBO PF_FLOAT32_RGBA depth/stencil support: D0S0 D0S1 D0S4 D0S8 D0S16 D16S0 D24S0 D32S0 Packed-D24S8 
02:44:44: FBO PF_X8R8G8B8 depth/stencil support: D0S0 D0S1 D0S4 D0S8 D0S16 D16S0 D24S0 D32S0 Packed-D24S8 
02:44:44: FBO PF_X8B8G8R8 depth/stencil support: D0S0 D0S1 D0S4 D0S8 D0S16 D16S0 D24S0 D32S0 Packed-D24S8 
02:44:44: FBO PF_SHORT_RGBA depth/stencil support: D0S0 D0S1 D0S4 D0S8 D0S16 D16S0 D24S0 D32S0 Packed-D24S8 
02:44:44: FBO PF_R3G3B2 depth/stencil support: D0S0 D0S1 D0S4 D0S8 D0S16 D16S0 D24S0 D32S0 Packed-D24S8 
02:44:44: FBO PF_FLOAT16_R depth/stencil support: D0S0 D0S1 D0S4 D0S8 D0S16 D16S0 D24S0 D32S0 Packed-D24S8 
02:44:44: FBO PF_FLOAT32_R depth/stencil support: D0S0 D0S1 D0S4 D0S8 D0S16 D16S0 D24S0 D32S0 Packed-D24S8 
02:44:44: FBO PF_FLOAT16_GR depth/stencil support: D0S0 D0S1 D0S4 D0S8 D0S16 D16S0 D24S0 D32S0 Packed-D24S8 
02:44:44: FBO PF_FLOAT32_GR depth/stencil support: D0S0 D0S1 D0S4 D0S8 D0S16 D16S0 D24S0 D32S0 Packed-D24S8 
02:44:44: FBO PF_SHORT_RGB depth/stencil support: D0S0 D0S1 D0S4 D0S8 D0S16 D16S0 D24S0 D32S0 Packed-D24S8 
02:44:44: [GL] : Valid FBO targets PF_UNKNOWN PF_L8 PF_L16 PF_A8 PF_R5G6B5 PF_B5G6R5 PF_A4R4G4B4 PF_A1R5G5B5 PF_R8G8B8 PF_B8G8R8 PF_A8R8G8B8 PF_B8G8R8A8 PF_A2R10G10B10 PF_A2B10G10R10 PF_FLOAT16_RGB PF_FLOAT16_RGBA PF_FLOAT32_RGB PF_FLOAT32_RGBA PF_X8R8G8B8 PF_X8B8G8R8 PF_SHORT_RGBA PF_R3G3B2 PF_FLOAT16_R PF_FLOAT32_R PF_FLOAT16_GR PF_FLOAT32_GR PF_SHORT_RGB 
02:44:44: RenderSystem capabilities
02:44:44: -------------------------
02:44:44: RenderSystem Name: OpenGL Rendering Subsystem
02:44:44: GPU Vendor: intel
02:44:44: Device Name: Mesa Intel(R) UHD Graphics 630 (CFL GT2)
02:44:44: Driver Version: 4.6.0.0
02:44:44:  * Fixed function pipeline: yes
02:44:44:  * Hardware generation of mipmaps: no
02:44:44:  * Texture blending: yes
02:44:44:  * Anisotropic texture filtering: yes
02:44:44:  * Dot product texture operation: yes
02:44:44:  * Cube mapping: yes
02:44:44:  * Hardware stencil buffer: yes
02:44:44:    - Stencil depth: 8
02:44:44:    - Two sided stencil support: yes
02:44:44:    - Wrap stencil values: yes
02:44:44:  * Hardware vertex / index buffers: yes
02:44:44:  * Vertex programs: yes
02:44:44:  * Number of floating-point constants for vertex programs: 2048
02:44:44:  * Number of integer constants for vertex programs: 0
02:44:44:  * Number of boolean constants for vertex programs: 0
02:44:44:  * Fragment programs: yes
02:44:44:  * Number of floating-point constants for fragment programs: 2048
02:44:44:  * Number of integer constants for fragment programs: 0
02:44:44:  * Number of boolean constants for fragment programs: 0
02:44:44:  * Geometry programs: no
02:44:44:  * Number of floating-point constants for geometry programs: 0
02:44:44:  * Number of integer constants for geometry programs: 52
02:44:44:  * Number of boolean constants for geometry programs: 0
02:44:44:  * Tesselation Hull programs: no
02:44:44:  * Number of floating-point constants for tesselation hull programs: 1
02:44:44:  * Number of integer constants for tesselation hull programs: 0
02:44:44:  * Number of boolean constants for tesselation hull programs: 0
02:44:44:  * Tesselation Domain programs: no
02:44:44:  * Number of floating-point constants for tesselation domain programs: 0
02:44:44:  * Number of integer constants for tesselation domain programs: 50
02:44:44:  * Number of boolean constants for tesselation domain programs: 0
02:44:44:  * Compute programs: no
02:44:44:  * Number of floating-point constants for compute programs: 0
02:44:44:  * Number of integer constants for compute programs: 0
02:44:44:  * Number of boolean constants for compute programs: 0
02:44:44:  * Supported Shader Profiles: arbfp1 arbvp1 glsl ps_1_1 ps_1_2 ps_1_3 ps_1_4
02:44:44:  * Texture Compression: yes
02:44:44:    - DXT: yes
02:44:44:    - VTC: no
02:44:44:    - PVRTC: no
02:44:44:    - ATC: no
02:44:44:    - ETC1: no
02:44:44:    - ETC2: no
02:44:44:    - BC4/BC5: no
02:44:44:    - BC6H/BC7: no
02:44:44:  * Scissor Rectangle: yes
02:44:44:  * Hardware Occlusion Query: yes
02:44:44:  * User clip planes: yes
02:44:44:  * VET_UBYTE4 vertex element type: yes
02:44:44:  * Infinite far plane projection: yes
02:44:44:  * Hardware render-to-texture: yes
02:44:44:  * Floating point textures: yes
02:44:44:  * Non-power-of-two textures: yes
02:44:44:  * 1d textures: yes
02:44:44:  * Volume textures: yes
02:44:44:  * Multiple Render Targets: 8
02:44:44:    - With different bit depths: yes
02:44:44:  * Point Sprites: yes
02:44:44:  * Extended point parameters: yes
02:44:44:  * Max Point Size: 255
02:44:44:  * Vertex texture fetch: yes
02:44:44:  * Number of world matrices: 0
02:44:44:  * Number of texture units: 16
02:44:44:  * Stencil buffer depth: 8
02:44:44:  * Number of vertex blend matrices: 0
02:44:44:    - Max vertex textures: 32
02:44:44:    - Vertex textures shared: yes
02:44:44:  * Render to Vertex Buffer : no
02:44:44:  * Hardware Atomic Counters: no
02:44:44:  * GL 1.5 without VBO workaround: no
02:44:44:  * Frame Buffer objects: yes
02:44:44:  * Frame Buffer objects (ARB extension): no
02:44:44:  * Frame Buffer objects (ATI extension): no
02:44:44:  * PBuffer support: yes
02:44:44:  * GL 1.5 without HW-occlusion workaround: no
02:44:44:  * Vertex Array Objects: no
02:44:44:  * Separate shader objects: no
02:44:44: Using FSAA from GL_ARB_multisample extension.
02:44:44: DefaultWorkQueue('Root') initialising on thread 76ed9cfd1980.
02:44:44: DefaultWorkQueue('Root')::WorkerFunc - thread 76ed46cfc640 starting.
02:44:44: DefaultWorkQueue('Root')::WorkerFunc - thread 76ed464fb640 starting.
02:44:44: DefaultWorkQueue('Root')::WorkerFunc - thread 76ed45cfa640 starting.
02:44:44: DefaultWorkQueue('Root')::WorkerFunc - thread 76ed454f9640 starting.
02:44:44: DefaultWorkQueue('Root')::WorkerFunc - thread 76ed44cf8640 starting.
02:44:44: DefaultWorkQueue('Root')::WorkerFunc - thread 76ed2bfff640 starting.
02:44:44: DefaultWorkQueue('Root')::WorkerFunc - thread 76ed2b7fe640 starting.
02:44:44: DefaultWorkQueue('Root')::WorkerFunc - thread 76ed2affd640 starting.
02:44:44: DefaultWorkQueue('Root')::WorkerFunc - thread 76ed2a7fc640 starting.
02:44:44: DefaultWorkQueue('Root')::WorkerFunc - thread 76ed297fa640 starting.
02:44:44: DefaultWorkQueue('Root')::WorkerFunc - thread 76ed28ff9640 starting.
02:44:44: Particle Renderer Type 'billboard' registered
02:44:44: SceneManagerFactory for type 'BspSceneManager' registered.
02:44:44: DefaultWorkQueue('Root')::WorkerFunc - thread 76ed29ffb640 starting.
02:44:44: Registering ResourceManager for type BspLevel
02:44:44: SceneManagerFactory for type 'OctreeSceneManager' registered.
02:44:44: Parsing scripts for resource group Animations
02:44:44: Finished parsing scripts for resource group Animations
02:44:44: Creating resources for group Animations
02:44:44: All done
02:44:44: Parsing scripts for resource group Autodetect
02:44:44: Finished parsing scripts for resource group Autodetect
02:44:44: Creating resources for group Autodetect
02:44:44: All done
02:44:44: Parsing scripts for resource group Fonts
02:44:44: Parsing script Gazebo.fontdef
02:44:44: Finished parsing scripts for resource group Fonts
02:44:44: Creating resources for group Fonts
02:44:44: All done
02:44:44: Parsing scripts for resource group General
02:44:44: Parsing script shadow_caster_ignore_heightmap.program
02:44:44: Parsing script VPL.program
02:44:44: Parsing script shadow_caster.program
02:44:44: Parsing script perpixel.program
02:44:44: Parsing script StdQuad_vp.program
02:44:44: Parsing script ShadowCaster.program
02:44:44: Parsing script deferred_post.program
02:44:44: Parsing script GBuffer.material
02:44:44: Parsing script deferred_post.material
02:44:44: Parsing script CreaseShading.material
02:44:44: Parsing script ssao.material
02:44:44: Parsing script ShadowCaster.material
02:44:44: Parsing script Modulate.material
02:44:44: Parsing script deform.material
02:44:44: Parsing script oculus.material
02:44:44: Parsing script kitchen.material
02:44:44: Parsing script SSAOPost.material
02:44:44: Parsing script spotlight_shadow_demo.material
02:44:44: Parsing script picker.material
02:44:44: Parsing script grid.material
02:44:44: Parsing script deferred_post_minilight.material
02:44:44: Parsing script blur.material
02:44:44: Parsing script point_light_shadow_demo.material
02:44:44: Parsing script VPL.material
02:44:44: Parsing script gazebo.material
02:44:44: Parsing script blur.compositor
02:44:44: Parsing script CreaseShading.compositor
02:44:44: Parsing script lens_flare.compositor
02:44:44: Parsing script deferred.compositor
02:44:44: Parsing script distortion.compositor
02:44:44: Parsing script noise.compositor
02:44:44: Parsing script WideCameraLensMap.compositor
02:44:44: Parsing script ssao.compositor
02:44:44: Parsing script SSAOPost.compositor
02:44:44: Finished parsing scripts for resource group General
02:44:44: Creating resources for group General
02:44:44: All done
02:44:44: Parsing scripts for resource group Imagesets
02:44:44: Finished parsing scripts for resource group Imagesets
02:44:44: Creating resources for group Imagesets
02:44:44: All done
02:44:44: Parsing scripts for resource group Internal
02:44:44: Finished parsing scripts for resource group Internal
02:44:44: Creating resources for group Internal
02:44:44: All done
02:44:44: Parsing scripts for resource group Layouts
02:44:44: Finished parsing scripts for resource group Layouts
02:44:44: Creating resources for group Layouts
02:44:44: All done
02:44:44: Parsing scripts for resource group LookNFeel
02:44:44: Finished parsing scripts for resource group LookNFeel
02:44:44: Creating resources for group LookNFeel
02:44:44: All done
02:44:44: Parsing scripts for resource group Schemes
02:44:44: Finished parsing scripts for resource group Schemes
02:44:44: Creating resources for group Schemes
02:44:44: All done
02:44:44: Parsing scripts for resource group SkyX
02:44:44: Parsing script SkyX.material
02:44:44: Finished parsing scripts for resource group SkyX
02:44:44: Creating resources for group SkyX
02:44:44: All done
02:44:44: Added resource location '/usr/share/gazebo-11/media/rtshaderlib/' of type 'FileSystem' to resource group 'General'
02:44:44: Creating resource group ShaderGeneratorResourceGroup
02:44:44: Added resource location '/tmp/gazebo-nobody-rtshaderlibcache/' of type 'FileSystem' to resource group 'ShaderGeneratorResourceGroup'02:45:31: Unregistering ResourceManager for type Font
02:45:31: DefaultWorkQueue('Root') shutting down on thread 78b163fae9c0.
02:45:31: DefaultWorkQueue('Root')::WorkerFunc - thread 78b12d7fa640 stopped.
02:45:31: DefaultWorkQueue('Root')::WorkerFunc - thread 78b0f6ffd640 stopped.
02:45:31: DefaultWorkQueue('Root')::WorkerFunc - thread 78b0f7fff640 stopped.
02:45:31: DefaultWorkQueue('Root')::WorkerFunc - thread 78b12e7fc640 stopped.
02:45:31: DefaultWorkQueue('Root')::WorkerFunc - thread 78b12f7fe640 stopped.
02:45:31: DefaultWorkQueue('Root')::WorkerFunc - thread 78b0f77fe640 stopped.
02:45:31: DefaultWorkQueue('Root')::WorkerFunc - thread 78b0f5ffb640 stopped.
02:45:31: DefaultWorkQueue('Root')::WorkerFunc - thread 78b0f67fc640 stopped.
02:45:31: DefaultWorkQueue('Root')::WorkerFunc - thread 78b12ffff640 stopped.
02:45:31: DefaultWorkQueue('Root')::WorkerFunc - thread 78b12dffb640 stopped.
02:45:31: DefaultWorkQueue('Root')::WorkerFunc - thread 78b12effd640 stopped.
02:45:31: DefaultWorkQueue('Root')::WorkerFunc - thread 78b12cff9640 stopped.
02:45:31: Unregistering ResourceManager for type BspLevel
02:45:31: *-*-* OGRE Shutdown
02:45:31: Unregistering ResourceManager for type Compositor
02:45:31: Unregistering ResourceManager for type Skeleton
02:45:31: Unregistering ResourceManager for type Mesh
02:45:31: Unregistering ResourceManager for type HighLevelGpuProgram
02:45:31: Uninstalling plugin: Octree Scene Manager
02:45:31: Plugin successfully uninstalled
02:45:31: Unloading library /usr/lib/x86_64-linux-gnu/OGRE-1.9.0/Plugin_OctreeSceneManager.so
02:45:31: Uninstalling plugin: BSP Scene Manager
02:45:31: Plugin successfully uninstalled
02:45:31: Unloading library /usr/lib/x86_64-linux-gnu/OGRE-1.9.0/Plugin_BSPSceneManager.so
02:45:31: Uninstalling plugin: ParticleFX
02:45:31: Plugin successfully uninstalled
02:45:31: Unloading library /usr/lib/x86_64-linux-gnu/OGRE-1.9.0/Plugin_ParticleFX.so
02:45:31: Uninstalling plugin: GL RenderSystem
02:45:31: Unregistering ResourceManager for type GpuProgram
02:45:31: ******************************
*** Stopping GLX Subsystem ***
******************************
02:45:31: Unregistering ResourceManager for type Texture
02:45:31: Plugin successfully uninstalled
02:45:31: Unloading library /usr/lib/x86_64-linux-gnu/OGRE-1.9.0/RenderSystem_GL.so
02:45:31: Unregistering ResourceManager for type Material
istering ResourceManager for type Compositor
02:45:31: Unregistering ResourceManager for type Skeleton
02:45:31: Unregistering ResourceManager for type Mesh
02:45:31: Unregistering ResourceManager for type HighLevelGpuProgram
02:45:31: Uninstalling plugin: Octree Scene Manager
02:45:31: Plugin successfully uninstalled
02:45:31: Unloading library /usr/lib/x86_64-linux-gnu/OGRE-1.9.0/Plugin_OctreeSceneManager.so
02:45:31: Uninstalling plugin: BSP Scene Manager
02:45:31: Plugin successfully uninstalled
02:45:31: Unloading library /usr/lib/x86_64-linux-gnu/OGRE-1.9.0/Plugin_BSPSceneManager.so
02:45:31: Uninstalling plugin: ParticleFX
02:45:31: Plugin successfully uninstalled
02:45:31: Unloading library /usr/lib/x86_64-linux-gnu/OGRE-1.9.0/Plugin_ParticleFX.so
02:45:31: Uninstalling plugin: GL RenderSystem
02:45:31: Unregistering ResourceManager for type GpuProgram
02:45:31: ******************************
*** Stopping GLX Subsystem ***
******************************
02:45:31: Unregistering ResourceManager for type Texture
02:45:31: Plugin successfully uninstalled
02:45:31: Unloading library /usr/lib/x86_64-linux-gnu/OGRE-1.9.0/RenderSystem_GL.so
02:45:31: Unregistering ResourceManager for type Material
