[0.134s] DEBUG:colcon:Command line arguments: ['/home/samarth/.local/bin/colcon', 'build', '--packages-select', './lib/ros2_ws/src/Universal_Robots_ROS2_Driver/ur_robot_driver']
[0.134s] DEBUG:colcon:Parsed command line arguments: Namespace(log_base=None, log_level=None, verb_name='build', build_base='build', install_base='install', merge_install=False, symlink_install=False, test_result_base=None, continue_on_error=False, executor='parallel', parallel_workers=12, event_handlers=None, ignore_user_meta=False, metas=['./colcon.meta'], base_paths=['.'], packages_ignore=None, packages_ignore_regex=None, paths=None, packages_up_to=None, packages_up_to_regex=None, packages_above=None, packages_above_and_dependencies=None, packages_above_depth=None, packages_select_by_dep=None, packages_skip_by_dep=None, packages_skip_up_to=None, packages_select_build_failed=False, packages_skip_build_finished=False, packages_select_test_failures=False, packages_skip_test_passed=False, packages_select=['./lib/ros2_ws/src/Universal_Robots_ROS2_Driver/ur_robot_driver'], packages_skip=None, packages_select_regex=None, packages_skip_regex=None, packages_start=None, packages_end=None, cmake_args=None, cmake_target=None, cmake_target_skip_unavailable=False, cmake_clean_cache=False, cmake_clean_first=False, cmake_force_configure=False, ament_cmake_args=None, catkin_cmake_args=None, catkin_skip_building_tests=False, verb_parser=<colcon_defaults.argument_parser.defaults.DefaultArgumentsDecorator object at 0x793b4cfbdb40>, verb_extension=<colcon_core.verb.build.BuildVerb object at 0x793b4cfbd660>, main=<bound method BuildVerb.main of <colcon_core.verb.build.BuildVerb object at 0x793b4cfbd660>>)
[0.302s] Level 1:colcon.colcon_core.package_discovery:discover_packages(colcon_meta) check parameters
[0.302s] Level 1:colcon.colcon_core.package_discovery:discover_packages(recursive) check parameters
[0.302s] Level 1:colcon.colcon_core.package_discovery:discover_packages(ignore) check parameters
[0.302s] Level 1:colcon.colcon_core.package_discovery:discover_packages(path) check parameters
[0.302s] Level 1:colcon.colcon_core.package_discovery:discover_packages(colcon_meta) discover
[0.302s] Level 1:colcon.colcon_core.package_discovery:discover_packages(recursive) discover
[0.302s] INFO:colcon.colcon_core.package_discovery:Crawling recursively for packages in '/home/samarth/GitHub/Dissertation'
[0.302s] Level 1:colcon.colcon_core.package_identification:_identify(.) by extensions ['ignore', 'ignore_ament_install']
[0.302s] Level 1:colcon.colcon_core.package_identification:_identify(.) by extension 'ignore'
[0.302s] Level 1:colcon.colcon_core.package_identification:_identify(.) by extension 'ignore_ament_install'
[0.303s] Level 1:colcon.colcon_core.package_identification:_identify(.) by extensions ['colcon_pkg']
[0.303s] Level 1:colcon.colcon_core.package_identification:_identify(.) by extension 'colcon_pkg'
[0.303s] Level 1:colcon.colcon_core.package_identification:_identify(.) by extensions ['colcon_meta']
[0.303s] Level 1:colcon.colcon_core.package_identification:_identify(.) by extension 'colcon_meta'
[0.303s] Level 1:colcon.colcon_core.package_identification:_identify(.) by extensions ['ros']
[0.303s] Level 1:colcon.colcon_core.package_identification:_identify(.) by extension 'ros'
[0.313s] Level 1:colcon.colcon_core.package_identification:_identify(.) by extensions ['cmake', 'python']
[0.314s] Level 1:colcon.colcon_core.package_identification:_identify(.) by extension 'cmake'
[0.314s] Level 1:colcon.colcon_core.package_identification:_identify(.) by extension 'python'
[0.314s] Level 1:colcon.colcon_core.package_identification:_identify(.) by extensions ['python_setup_py']
[0.314s] Level 1:colcon.colcon_core.package_identification:_identify(.) by extension 'python_setup_py'
[0.314s] Level 1:colcon.colcon_core.package_identification:_identify(Dissertation) by extensions ['ignore', 'ignore_ament_install']
[0.314s] Level 1:colcon.colcon_core.package_identification:_identify(Dissertation) by extension 'ignore'
[0.314s] Level 1:colcon.colcon_core.package_identification:_identify(Dissertation) by extension 'ignore_ament_install'
[0.314s] Level 1:colcon.colcon_core.package_identification:_identify(Dissertation) by extensions ['colcon_pkg']
[0.314s] Level 1:colcon.colcon_core.package_identification:_identify(Dissertation) by extension 'colcon_pkg'
[0.314s] Level 1:colcon.colcon_core.package_identification:_identify(Dissertation) by extensions ['colcon_meta']
[0.314s] Level 1:colcon.colcon_core.package_identification:_identify(Dissertation) by extension 'colcon_meta'
[0.314s] Level 1:colcon.colcon_core.package_identification:_identify(Dissertation) by extensions ['ros']
[0.314s] Level 1:colcon.colcon_core.package_identification:_identify(Dissertation) by extension 'ros'
[0.314s] Level 1:colcon.colcon_core.package_identification:_identify(Dissertation) by extensions ['cmake', 'python']
[0.314s] Level 1:colcon.colcon_core.package_identification:_identify(Dissertation) by extension 'cmake'
[0.314s] Level 1:colcon.colcon_core.package_identification:_identify(Dissertation) by extension 'python'
[0.314s] Level 1:colcon.colcon_core.package_identification:_identify(Dissertation) by extensions ['python_setup_py']
[0.314s] Level 1:colcon.colcon_core.package_identification:_identify(Dissertation) by extension 'python_setup_py'
[0.315s] Level 1:colcon.colcon_core.package_identification:_identify(build) by extensions ['ignore', 'ignore_ament_install']
[0.315s] Level 1:colcon.colcon_core.package_identification:_identify(build) by extension 'ignore'
[0.315s] Level 1:colcon.colcon_core.package_identification:_identify(build) ignored
[0.315s] Level 1:colcon.colcon_core.package_identification:_identify(install) by extensions ['ignore', 'ignore_ament_install']
[0.315s] Level 1:colcon.colcon_core.package_identification:_identify(install) by extension 'ignore'
[0.315s] Level 1:colcon.colcon_core.package_identification:_identify(install) ignored
[0.315s] Level 1:colcon.colcon_core.package_identification:_identify(lib) by extensions ['ignore', 'ignore_ament_install']
[0.315s] Level 1:colcon.colcon_core.package_identification:_identify(lib) by extension 'ignore'
[0.315s] Level 1:colcon.colcon_core.package_identification:_identify(lib) by extension 'ignore_ament_install'
[0.315s] Level 1:colcon.colcon_core.package_identification:_identify(lib) by extensions ['colcon_pkg']
[0.315s] Level 1:colcon.colcon_core.package_identification:_identify(lib) by extension 'colcon_pkg'
[0.315s] Level 1:colcon.colcon_core.package_identification:_identify(lib) by extensions ['colcon_meta']
[0.315s] Level 1:colcon.colcon_core.package_identification:_identify(lib) by extension 'colcon_meta'
[0.315s] Level 1:colcon.colcon_core.package_identification:_identify(lib) by extensions ['ros']
[0.315s] Level 1:colcon.colcon_core.package_identification:_identify(lib) by extension 'ros'
[0.315s] Level 1:colcon.colcon_core.package_identification:_identify(lib) by extensions ['cmake', 'python']
[0.315s] Level 1:colcon.colcon_core.package_identification:_identify(lib) by extension 'cmake'
[0.316s] Level 1:colcon.colcon_core.package_identification:_identify(lib) by extension 'python'
[0.316s] Level 1:colcon.colcon_core.package_identification:_identify(lib) by extensions ['python_setup_py']
[0.316s] Level 1:colcon.colcon_core.package_identification:_identify(lib) by extension 'python_setup_py'
[0.316s] Level 1:colcon.colcon_core.package_identification:_identify(lib/ros2_ws) by extensions ['ignore', 'ignore_ament_install']
[0.316s] Level 1:colcon.colcon_core.package_identification:_identify(lib/ros2_ws) by extension 'ignore'
[0.316s] Level 1:colcon.colcon_core.package_identification:_identify(lib/ros2_ws) by extension 'ignore_ament_install'
[0.316s] Level 1:colcon.colcon_core.package_identification:_identify(lib/ros2_ws) by extensions ['colcon_pkg']
[0.316s] Level 1:colcon.colcon_core.package_identification:_identify(lib/ros2_ws) by extension 'colcon_pkg'
[0.316s] Level 1:colcon.colcon_core.package_identification:_identify(lib/ros2_ws) by extensions ['colcon_meta']
[0.316s] Level 1:colcon.colcon_core.package_identification:_identify(lib/ros2_ws) by extension 'colcon_meta'
[0.316s] Level 1:colcon.colcon_core.package_identification:_identify(lib/ros2_ws) by extensions ['ros']
[0.316s] Level 1:colcon.colcon_core.package_identification:_identify(lib/ros2_ws) by extension 'ros'
[0.316s] Level 1:colcon.colcon_core.package_identification:_identify(lib/ros2_ws) by extensions ['cmake', 'python']
[0.316s] Level 1:colcon.colcon_core.package_identification:_identify(lib/ros2_ws) by extension 'cmake'
[0.316s] Level 1:colcon.colcon_core.package_identification:_identify(lib/ros2_ws) by extension 'python'
[0.316s] Level 1:colcon.colcon_core.package_identification:_identify(lib/ros2_ws) by extensions ['python_setup_py']
[0.316s] Level 1:colcon.colcon_core.package_identification:_identify(lib/ros2_ws) by extension 'python_setup_py'
[0.316s] Level 1:colcon.colcon_core.package_identification:_identify(lib/ros2_ws/src) by extensions ['ignore', 'ignore_ament_install']
[0.316s] Level 1:colcon.colcon_core.package_identification:_identify(lib/ros2_ws/src) by extension 'ignore'
[0.317s] Level 1:colcon.colcon_core.package_identification:_identify(lib/ros2_ws/src) by extension 'ignore_ament_install'
[0.317s] Level 1:colcon.colcon_core.package_identification:_identify(lib/ros2_ws/src) by extensions ['colcon_pkg']
[0.317s] Level 1:colcon.colcon_core.package_identification:_identify(lib/ros2_ws/src) by extension 'colcon_pkg'
[0.317s] Level 1:colcon.colcon_core.package_identification:_identify(lib/ros2_ws/src) by extensions ['colcon_meta']
[0.317s] Level 1:colcon.colcon_core.package_identification:_identify(lib/ros2_ws/src) by extension 'colcon_meta'
[0.317s] Level 1:colcon.colcon_core.package_identification:_identify(lib/ros2_ws/src) by extensions ['ros']
[0.317s] Level 1:colcon.colcon_core.package_identification:_identify(lib/ros2_ws/src) by extension 'ros'
[0.317s] Level 1:colcon.colcon_core.package_identification:_identify(lib/ros2_ws/src) by extensions ['cmake', 'python']
[0.317s] Level 1:colcon.colcon_core.package_identification:_identify(lib/ros2_ws/src) by extension 'cmake'
[0.317s] Level 1:colcon.colcon_core.package_identification:_identify(lib/ros2_ws/src) by extension 'python'
[0.317s] Level 1:colcon.colcon_core.package_identification:_identify(lib/ros2_ws/src) by extensions ['python_setup_py']
[0.317s] Level 1:colcon.colcon_core.package_identification:_identify(lib/ros2_ws/src) by extension 'python_setup_py'
[0.317s] Level 1:colcon.colcon_core.package_identification:_identify(lib/ros2_ws/src/Universal_Robots_ROS2_Driver) by extensions ['ignore', 'ignore_ament_install']
[0.317s] Level 1:colcon.colcon_core.package_identification:_identify(lib/ros2_ws/src/Universal_Robots_ROS2_Driver) by extension 'ignore'
[0.317s] Level 1:colcon.colcon_core.package_identification:_identify(lib/ros2_ws/src/Universal_Robots_ROS2_Driver) by extension 'ignore_ament_install'
[0.317s] Level 1:colcon.colcon_core.package_identification:_identify(lib/ros2_ws/src/Universal_Robots_ROS2_Driver) by extensions ['colcon_pkg']
[0.317s] Level 1:colcon.colcon_core.package_identification:_identify(lib/ros2_ws/src/Universal_Robots_ROS2_Driver) by extension 'colcon_pkg'
[0.317s] Level 1:colcon.colcon_core.package_identification:_identify(lib/ros2_ws/src/Universal_Robots_ROS2_Driver) by extensions ['colcon_meta']
[0.317s] Level 1:colcon.colcon_core.package_identification:_identify(lib/ros2_ws/src/Universal_Robots_ROS2_Driver) by extension 'colcon_meta'
[0.318s] Level 1:colcon.colcon_core.package_identification:_identify(lib/ros2_ws/src/Universal_Robots_ROS2_Driver) by extensions ['ros']
[0.318s] Level 1:colcon.colcon_core.package_identification:_identify(lib/ros2_ws/src/Universal_Robots_ROS2_Driver) by extension 'ros'
[0.318s] Level 1:colcon.colcon_core.package_identification:_identify(lib/ros2_ws/src/Universal_Robots_ROS2_Driver) by extensions ['cmake', 'python']
[0.318s] Level 1:colcon.colcon_core.package_identification:_identify(lib/ros2_ws/src/Universal_Robots_ROS2_Driver) by extension 'cmake'
[0.318s] Level 1:colcon.colcon_core.package_identification:_identify(lib/ros2_ws/src/Universal_Robots_ROS2_Driver) by extension 'python'
[0.318s] Level 1:colcon.colcon_core.package_identification:_identify(lib/ros2_ws/src/Universal_Robots_ROS2_Driver) by extensions ['python_setup_py']
[0.318s] Level 1:colcon.colcon_core.package_identification:_identify(lib/ros2_ws/src/Universal_Robots_ROS2_Driver) by extension 'python_setup_py'
[0.318s] Level 1:colcon.colcon_core.package_identification:_identify(lib/ros2_ws/src/Universal_Robots_ROS2_Driver/ur) by extensions ['ignore', 'ignore_ament_install']
[0.318s] Level 1:colcon.colcon_core.package_identification:_identify(lib/ros2_ws/src/Universal_Robots_ROS2_Driver/ur) by extension 'ignore'
[0.318s] Level 1:colcon.colcon_core.package_identification:_identify(lib/ros2_ws/src/Universal_Robots_ROS2_Driver/ur) by extension 'ignore_ament_install'
[0.318s] Level 1:colcon.colcon_core.package_identification:_identify(lib/ros2_ws/src/Universal_Robots_ROS2_Driver/ur) by extensions ['colcon_pkg']
[0.318s] Level 1:colcon.colcon_core.package_identification:_identify(lib/ros2_ws/src/Universal_Robots_ROS2_Driver/ur) by extension 'colcon_pkg'
[0.318s] Level 1:colcon.colcon_core.package_identification:_identify(lib/ros2_ws/src/Universal_Robots_ROS2_Driver/ur) by extensions ['colcon_meta']
[0.318s] Level 1:colcon.colcon_core.package_identification:_identify(lib/ros2_ws/src/Universal_Robots_ROS2_Driver/ur) by extension 'colcon_meta'
[0.318s] Level 1:colcon.colcon_core.package_identification:_identify(lib/ros2_ws/src/Universal_Robots_ROS2_Driver/ur) by extensions ['ros']
[0.318s] Level 1:colcon.colcon_core.package_identification:_identify(lib/ros2_ws/src/Universal_Robots_ROS2_Driver/ur) by extension 'ros'
[0.321s] DEBUG:colcon.colcon_core.package_identification:Package 'lib/ros2_ws/src/Universal_Robots_ROS2_Driver/ur' with type 'ros.ament_cmake' and name 'ur'
[0.321s] Level 1:colcon.colcon_core.package_identification:_identify(lib/ros2_ws/src/Universal_Robots_ROS2_Driver/ur_bringup) by extensions ['ignore', 'ignore_ament_install']
[0.321s] Level 1:colcon.colcon_core.package_identification:_identify(lib/ros2_ws/src/Universal_Robots_ROS2_Driver/ur_bringup) by extension 'ignore'
[0.321s] Level 1:colcon.colcon_core.package_identification:_identify(lib/ros2_ws/src/Universal_Robots_ROS2_Driver/ur_bringup) by extension 'ignore_ament_install'
[0.321s] Level 1:colcon.colcon_core.package_identification:_identify(lib/ros2_ws/src/Universal_Robots_ROS2_Driver/ur_bringup) by extensions ['colcon_pkg']
[0.321s] Level 1:colcon.colcon_core.package_identification:_identify(lib/ros2_ws/src/Universal_Robots_ROS2_Driver/ur_bringup) by extension 'colcon_pkg'
[0.321s] Level 1:colcon.colcon_core.package_identification:_identify(lib/ros2_ws/src/Universal_Robots_ROS2_Driver/ur_bringup) by extensions ['colcon_meta']
[0.321s] Level 1:colcon.colcon_core.package_identification:_identify(lib/ros2_ws/src/Universal_Robots_ROS2_Driver/ur_bringup) by extension 'colcon_meta'
[0.321s] Level 1:colcon.colcon_core.package_identification:_identify(lib/ros2_ws/src/Universal_Robots_ROS2_Driver/ur_bringup) by extensions ['ros']
[0.321s] Level 1:colcon.colcon_core.package_identification:_identify(lib/ros2_ws/src/Universal_Robots_ROS2_Driver/ur_bringup) by extension 'ros'
[0.322s] DEBUG:colcon.colcon_core.package_identification:Package 'lib/ros2_ws/src/Universal_Robots_ROS2_Driver/ur_bringup' with type 'ros.ament_cmake' and name 'ur_bringup'
[0.322s] Level 1:colcon.colcon_core.package_identification:_identify(lib/ros2_ws/src/Universal_Robots_ROS2_Driver/ur_calibration) by extensions ['ignore', 'ignore_ament_install']
[0.322s] Level 1:colcon.colcon_core.package_identification:_identify(lib/ros2_ws/src/Universal_Robots_ROS2_Driver/ur_calibration) by extension 'ignore'
[0.322s] Level 1:colcon.colcon_core.package_identification:_identify(lib/ros2_ws/src/Universal_Robots_ROS2_Driver/ur_calibration) by extension 'ignore_ament_install'
[0.322s] Level 1:colcon.colcon_core.package_identification:_identify(lib/ros2_ws/src/Universal_Robots_ROS2_Driver/ur_calibration) by extensions ['colcon_pkg']
[0.322s] Level 1:colcon.colcon_core.package_identification:_identify(lib/ros2_ws/src/Universal_Robots_ROS2_Driver/ur_calibration) by extension 'colcon_pkg'
[0.323s] Level 1:colcon.colcon_core.package_identification:_identify(lib/ros2_ws/src/Universal_Robots_ROS2_Driver/ur_calibration) by extensions ['colcon_meta']
[0.323s] Level 1:colcon.colcon_core.package_identification:_identify(lib/ros2_ws/src/Universal_Robots_ROS2_Driver/ur_calibration) by extension 'colcon_meta'
[0.323s] Level 1:colcon.colcon_core.package_identification:_identify(lib/ros2_ws/src/Universal_Robots_ROS2_Driver/ur_calibration) by extensions ['ros']
[0.323s] Level 1:colcon.colcon_core.package_identification:_identify(lib/ros2_ws/src/Universal_Robots_ROS2_Driver/ur_calibration) by extension 'ros'
[0.323s] DEBUG:colcon.colcon_core.package_identification:Package 'lib/ros2_ws/src/Universal_Robots_ROS2_Driver/ur_calibration' with type 'ros.ament_cmake' and name 'ur_calibration'
[0.324s] Level 1:colcon.colcon_core.package_identification:_identify(lib/ros2_ws/src/Universal_Robots_ROS2_Driver/ur_controllers) by extensions ['ignore', 'ignore_ament_install']
[0.324s] Level 1:colcon.colcon_core.package_identification:_identify(lib/ros2_ws/src/Universal_Robots_ROS2_Driver/ur_controllers) by extension 'ignore'
[0.324s] Level 1:colcon.colcon_core.package_identification:_identify(lib/ros2_ws/src/Universal_Robots_ROS2_Driver/ur_controllers) by extension 'ignore_ament_install'
[0.324s] Level 1:colcon.colcon_core.package_identification:_identify(lib/ros2_ws/src/Universal_Robots_ROS2_Driver/ur_controllers) by extensions ['colcon_pkg']
[0.324s] Level 1:colcon.colcon_core.package_identification:_identify(lib/ros2_ws/src/Universal_Robots_ROS2_Driver/ur_controllers) by extension 'colcon_pkg'
[0.324s] Level 1:colcon.colcon_core.package_identification:_identify(lib/ros2_ws/src/Universal_Robots_ROS2_Driver/ur_controllers) by extensions ['colcon_meta']
[0.324s] Level 1:colcon.colcon_core.package_identification:_identify(lib/ros2_ws/src/Universal_Robots_ROS2_Driver/ur_controllers) by extension 'colcon_meta'
[0.324s] Level 1:colcon.colcon_core.package_identification:_identify(lib/ros2_ws/src/Universal_Robots_ROS2_Driver/ur_controllers) by extensions ['ros']
[0.324s] Level 1:colcon.colcon_core.package_identification:_identify(lib/ros2_ws/src/Universal_Robots_ROS2_Driver/ur_controllers) by extension 'ros'
[0.325s] DEBUG:colcon.colcon_core.package_identification:Package 'lib/ros2_ws/src/Universal_Robots_ROS2_Driver/ur_controllers' with type 'ros.ament_cmake' and name 'ur_controllers'
[0.325s] Level 1:colcon.colcon_core.package_identification:_identify(lib/ros2_ws/src/Universal_Robots_ROS2_Driver/ur_dashboard_msgs) by extensions ['ignore', 'ignore_ament_install']
[0.325s] Level 1:colcon.colcon_core.package_identification:_identify(lib/ros2_ws/src/Universal_Robots_ROS2_Driver/ur_dashboard_msgs) by extension 'ignore'
[0.326s] Level 1:colcon.colcon_core.package_identification:_identify(lib/ros2_ws/src/Universal_Robots_ROS2_Driver/ur_dashboard_msgs) by extension 'ignore_ament_install'
[0.326s] Level 1:colcon.colcon_core.package_identification:_identify(lib/ros2_ws/src/Universal_Robots_ROS2_Driver/ur_dashboard_msgs) by extensions ['colcon_pkg']
[0.326s] Level 1:colcon.colcon_core.package_identification:_identify(lib/ros2_ws/src/Universal_Robots_ROS2_Driver/ur_dashboard_msgs) by extension 'colcon_pkg'
[0.326s] Level 1:colcon.colcon_core.package_identification:_identify(lib/ros2_ws/src/Universal_Robots_ROS2_Driver/ur_dashboard_msgs) by extensions ['colcon_meta']
[0.326s] Level 1:colcon.colcon_core.package_identification:_identify(lib/ros2_ws/src/Universal_Robots_ROS2_Driver/ur_dashboard_msgs) by extension 'colcon_meta'
[0.326s] Level 1:colcon.colcon_core.package_identification:_identify(lib/ros2_ws/src/Universal_Robots_ROS2_Driver/ur_dashboard_msgs) by extensions ['ros']
[0.326s] Level 1:colcon.colcon_core.package_identification:_identify(lib/ros2_ws/src/Universal_Robots_ROS2_Driver/ur_dashboard_msgs) by extension 'ros'
[0.327s] DEBUG:colcon.colcon_core.package_identification:Package 'lib/ros2_ws/src/Universal_Robots_ROS2_Driver/ur_dashboard_msgs' with type 'ros.ament_cmake' and name 'ur_dashboard_msgs'
[0.328s] Level 1:colcon.colcon_core.package_identification:_identify(lib/ros2_ws/src/Universal_Robots_ROS2_Driver/ur_moveit_config) by extensions ['ignore', 'ignore_ament_install']
[0.328s] Level 1:colcon.colcon_core.package_identification:_identify(lib/ros2_ws/src/Universal_Robots_ROS2_Driver/ur_moveit_config) by extension 'ignore'
[0.328s] Level 1:colcon.colcon_core.package_identification:_identify(lib/ros2_ws/src/Universal_Robots_ROS2_Driver/ur_moveit_config) by extension 'ignore_ament_install'
[0.328s] Level 1:colcon.colcon_core.package_identification:_identify(lib/ros2_ws/src/Universal_Robots_ROS2_Driver/ur_moveit_config) by extensions ['colcon_pkg']
[0.328s] Level 1:colcon.colcon_core.package_identification:_identify(lib/ros2_ws/src/Universal_Robots_ROS2_Driver/ur_moveit_config) by extension 'colcon_pkg'
[0.328s] Level 1:colcon.colcon_core.package_identification:_identify(lib/ros2_ws/src/Universal_Robots_ROS2_Driver/ur_moveit_config) by extensions ['colcon_meta']
[0.328s] Level 1:colcon.colcon_core.package_identification:_identify(lib/ros2_ws/src/Universal_Robots_ROS2_Driver/ur_moveit_config) by extension 'colcon_meta'
[0.328s] Level 1:colcon.colcon_core.package_identification:_identify(lib/ros2_ws/src/Universal_Robots_ROS2_Driver/ur_moveit_config) by extensions ['ros']
[0.328s] Level 1:colcon.colcon_core.package_identification:_identify(lib/ros2_ws/src/Universal_Robots_ROS2_Driver/ur_moveit_config) by extension 'ros'
[0.329s] DEBUG:colcon.colcon_core.package_identification:Package 'lib/ros2_ws/src/Universal_Robots_ROS2_Driver/ur_moveit_config' with type 'ros.ament_cmake' and name 'ur_moveit_config'
[0.329s] Level 1:colcon.colcon_core.package_identification:_identify(lib/ros2_ws/src/Universal_Robots_ROS2_Driver/ur_robot_driver) by extensions ['ignore', 'ignore_ament_install']
[0.329s] Level 1:colcon.colcon_core.package_identification:_identify(lib/ros2_ws/src/Universal_Robots_ROS2_Driver/ur_robot_driver) by extension 'ignore'
[0.329s] Level 1:colcon.colcon_core.package_identification:_identify(lib/ros2_ws/src/Universal_Robots_ROS2_Driver/ur_robot_driver) by extension 'ignore_ament_install'
[0.329s] Level 1:colcon.colcon_core.package_identification:_identify(lib/ros2_ws/src/Universal_Robots_ROS2_Driver/ur_robot_driver) by extensions ['colcon_pkg']
[0.329s] Level 1:colcon.colcon_core.package_identification:_identify(lib/ros2_ws/src/Universal_Robots_ROS2_Driver/ur_robot_driver) by extension 'colcon_pkg'
[0.329s] Level 1:colcon.colcon_core.package_identification:_identify(lib/ros2_ws/src/Universal_Robots_ROS2_Driver/ur_robot_driver) by extensions ['colcon_meta']
[0.329s] Level 1:colcon.colcon_core.package_identification:_identify(lib/ros2_ws/src/Universal_Robots_ROS2_Driver/ur_robot_driver) by extension 'colcon_meta'
[0.329s] Level 1:colcon.colcon_core.package_identification:_identify(lib/ros2_ws/src/Universal_Robots_ROS2_Driver/ur_robot_driver) by extensions ['ros']
[0.329s] Level 1:colcon.colcon_core.package_identification:_identify(lib/ros2_ws/src/Universal_Robots_ROS2_Driver/ur_robot_driver) by extension 'ros'
[0.331s] DEBUG:colcon.colcon_core.package_identification:Package 'lib/ros2_ws/src/Universal_Robots_ROS2_Driver/ur_robot_driver' with type 'ros.ament_cmake' and name 'ur_robot_driver'
[0.331s] Level 1:colcon.colcon_core.package_identification:_identify(log) by extensions ['ignore', 'ignore_ament_install']
[0.331s] Level 1:colcon.colcon_core.package_identification:_identify(log) by extension 'ignore'
[0.331s] Level 1:colcon.colcon_core.package_identification:_identify(log) ignored
[0.331s] Level 1:colcon.colcon_core.package_identification:_identify(storage) by extensions ['ignore', 'ignore_ament_install']
[0.332s] Level 1:colcon.colcon_core.package_identification:_identify(storage) by extension 'ignore'
[0.332s] Level 1:colcon.colcon_core.package_identification:_identify(storage) by extension 'ignore_ament_install'
[0.332s] Level 1:colcon.colcon_core.package_identification:_identify(storage) by extensions ['colcon_pkg']
[0.332s] Level 1:colcon.colcon_core.package_identification:_identify(storage) by extension 'colcon_pkg'
[0.332s] Level 1:colcon.colcon_core.package_identification:_identify(storage) by extensions ['colcon_meta']
[0.332s] Level 1:colcon.colcon_core.package_identification:_identify(storage) by extension 'colcon_meta'
[0.332s] Level 1:colcon.colcon_core.package_identification:_identify(storage) by extensions ['ros']
[0.332s] Level 1:colcon.colcon_core.package_identification:_identify(storage) by extension 'ros'
[0.332s] Level 1:colcon.colcon_core.package_identification:_identify(storage) by extensions ['cmake', 'python']
[0.332s] Level 1:colcon.colcon_core.package_identification:_identify(storage) by extension 'cmake'
[0.332s] Level 1:colcon.colcon_core.package_identification:_identify(storage) by extension 'python'
[0.332s] Level 1:colcon.colcon_core.package_identification:_identify(storage) by extensions ['python_setup_py']
[0.332s] Level 1:colcon.colcon_core.package_identification:_identify(storage) by extension 'python_setup_py'
[0.332s] Level 1:colcon.colcon_core.package_identification:_identify(storage/iop) by extensions ['ignore', 'ignore_ament_install']
[0.332s] Level 1:colcon.colcon_core.package_identification:_identify(storage/iop) by extension 'ignore'
[0.332s] Level 1:colcon.colcon_core.package_identification:_identify(storage/iop) by extension 'ignore_ament_install'
[0.332s] Level 1:colcon.colcon_core.package_identification:_identify(storage/iop) by extensions ['colcon_pkg']
[0.332s] Level 1:colcon.colcon_core.package_identification:_identify(storage/iop) by extension 'colcon_pkg'
[0.332s] Level 1:colcon.colcon_core.package_identification:_identify(storage/iop) by extensions ['colcon_meta']
[0.333s] Level 1:colcon.colcon_core.package_identification:_identify(storage/iop) by extension 'colcon_meta'
[0.333s] Level 1:colcon.colcon_core.package_identification:_identify(storage/iop) by extensions ['ros']
[0.333s] Level 1:colcon.colcon_core.package_identification:_identify(storage/iop) by extension 'ros'
[0.333s] Level 1:colcon.colcon_core.package_identification:_identify(storage/iop) by extensions ['cmake', 'python']
[0.333s] Level 1:colcon.colcon_core.package_identification:_identify(storage/iop) by extension 'cmake'
[0.333s] Level 1:colcon.colcon_core.package_identification:_identify(storage/iop) by extension 'python'
[0.333s] Level 1:colcon.colcon_core.package_identification:_identify(storage/iop) by extensions ['python_setup_py']
[0.333s] Level 1:colcon.colcon_core.package_identification:_identify(storage/iop) by extension 'python_setup_py'
[0.333s] Level 1:colcon.colcon_core.package_identification:_identify(storage/popp) by extensions ['ignore', 'ignore_ament_install']
[0.333s] Level 1:colcon.colcon_core.package_identification:_identify(storage/popp) by extension 'ignore'
[0.333s] Level 1:colcon.colcon_core.package_identification:_identify(storage/popp) by extension 'ignore_ament_install'
[0.333s] Level 1:colcon.colcon_core.package_identification:_identify(storage/popp) by extensions ['colcon_pkg']
[0.333s] Level 1:colcon.colcon_core.package_identification:_identify(storage/popp) by extension 'colcon_pkg'
[0.333s] Level 1:colcon.colcon_core.package_identification:_identify(storage/popp) by extensions ['colcon_meta']
[0.333s] Level 1:colcon.colcon_core.package_identification:_identify(storage/popp) by extension 'colcon_meta'
[0.333s] Level 1:colcon.colcon_core.package_identification:_identify(storage/popp) by extensions ['ros']
[0.333s] Level 1:colcon.colcon_core.package_identification:_identify(storage/popp) by extension 'ros'
[0.333s] Level 1:colcon.colcon_core.package_identification:_identify(storage/popp) by extensions ['cmake', 'python']
[0.333s] Level 1:colcon.colcon_core.package_identification:_identify(storage/popp) by extension 'cmake'
[0.333s] Level 1:colcon.colcon_core.package_identification:_identify(storage/popp) by extension 'python'
[0.334s] Level 1:colcon.colcon_core.package_identification:_identify(storage/popp) by extensions ['python_setup_py']
[0.334s] Level 1:colcon.colcon_core.package_identification:_identify(storage/popp) by extension 'python_setup_py'
[0.334s] Level 1:colcon.colcon_core.package_identification:_identify(storage/ushop) by extensions ['ignore', 'ignore_ament_install']
[0.334s] Level 1:colcon.colcon_core.package_identification:_identify(storage/ushop) by extension 'ignore'
[0.334s] Level 1:colcon.colcon_core.package_identification:_identify(storage/ushop) by extension 'ignore_ament_install'
[0.334s] Level 1:colcon.colcon_core.package_identification:_identify(storage/ushop) by extensions ['colcon_pkg']
[0.334s] Level 1:colcon.colcon_core.package_identification:_identify(storage/ushop) by extension 'colcon_pkg'
[0.334s] Level 1:colcon.colcon_core.package_identification:_identify(storage/ushop) by extensions ['colcon_meta']
[0.334s] Level 1:colcon.colcon_core.package_identification:_identify(storage/ushop) by extension 'colcon_meta'
[0.334s] Level 1:colcon.colcon_core.package_identification:_identify(storage/ushop) by extensions ['ros']
[0.334s] Level 1:colcon.colcon_core.package_identification:_identify(storage/ushop) by extension 'ros'
[0.334s] Level 1:colcon.colcon_core.package_identification:_identify(storage/ushop) by extensions ['cmake', 'python']
[0.334s] Level 1:colcon.colcon_core.package_identification:_identify(storage/ushop) by extension 'cmake'
[0.334s] Level 1:colcon.colcon_core.package_identification:_identify(storage/ushop) by extension 'python'
[0.334s] Level 1:colcon.colcon_core.package_identification:_identify(storage/ushop) by extensions ['python_setup_py']
[0.334s] Level 1:colcon.colcon_core.package_identification:_identify(storage/ushop) by extension 'python_setup_py'
[0.334s] Level 1:colcon.colcon_core.package_identification:_identify(storage/you) by extensions ['ignore', 'ignore_ament_install']
[0.334s] Level 1:colcon.colcon_core.package_identification:_identify(storage/you) by extension 'ignore'
[0.335s] Level 1:colcon.colcon_core.package_identification:_identify(storage/you) by extension 'ignore_ament_install'
[0.335s] Level 1:colcon.colcon_core.package_identification:_identify(storage/you) by extensions ['colcon_pkg']
[0.335s] Level 1:colcon.colcon_core.package_identification:_identify(storage/you) by extension 'colcon_pkg'
[0.335s] Level 1:colcon.colcon_core.package_identification:_identify(storage/you) by extensions ['colcon_meta']
[0.335s] Level 1:colcon.colcon_core.package_identification:_identify(storage/you) by extension 'colcon_meta'
[0.335s] Level 1:colcon.colcon_core.package_identification:_identify(storage/you) by extensions ['ros']
[0.335s] Level 1:colcon.colcon_core.package_identification:_identify(storage/you) by extension 'ros'
[0.335s] Level 1:colcon.colcon_core.package_identification:_identify(storage/you) by extensions ['cmake', 'python']
[0.335s] Level 1:colcon.colcon_core.package_identification:_identify(storage/you) by extension 'cmake'
[0.335s] Level 1:colcon.colcon_core.package_identification:_identify(storage/you) by extension 'python'
[0.335s] Level 1:colcon.colcon_core.package_identification:_identify(storage/you) by extensions ['python_setup_py']
[0.335s] Level 1:colcon.colcon_core.package_identification:_identify(storage/you) by extension 'python_setup_py'
[0.335s] Level 1:colcon.colcon_core.package_identification:_identify(storage/ytp) by extensions ['ignore', 'ignore_ament_install']
[0.335s] Level 1:colcon.colcon_core.package_identification:_identify(storage/ytp) by extension 'ignore'
[0.335s] Level 1:colcon.colcon_core.package_identification:_identify(storage/ytp) by extension 'ignore_ament_install'
[0.335s] Level 1:colcon.colcon_core.package_identification:_identify(storage/ytp) by extensions ['colcon_pkg']
[0.335s] Level 1:colcon.colcon_core.package_identification:_identify(storage/ytp) by extension 'colcon_pkg'
[0.335s] Level 1:colcon.colcon_core.package_identification:_identify(storage/ytp) by extensions ['colcon_meta']
[0.335s] Level 1:colcon.colcon_core.package_identification:_identify(storage/ytp) by extension 'colcon_meta'
[0.335s] Level 1:colcon.colcon_core.package_identification:_identify(storage/ytp) by extensions ['ros']
[0.335s] Level 1:colcon.colcon_core.package_identification:_identify(storage/ytp) by extension 'ros'
[0.336s] Level 1:colcon.colcon_core.package_identification:_identify(storage/ytp) by extensions ['cmake', 'python']
[0.336s] Level 1:colcon.colcon_core.package_identification:_identify(storage/ytp) by extension 'cmake'
[0.336s] Level 1:colcon.colcon_core.package_identification:_identify(storage/ytp) by extension 'python'
[0.336s] Level 1:colcon.colcon_core.package_identification:_identify(storage/ytp) by extensions ['python_setup_py']
[0.336s] Level 1:colcon.colcon_core.package_identification:_identify(storage/ytp) by extension 'python_setup_py'
[0.336s] Level 1:colcon.colcon_core.package_identification:_identify(tmp) by extensions ['ignore', 'ignore_ament_install']
[0.336s] Level 1:colcon.colcon_core.package_identification:_identify(tmp) by extension 'ignore'
[0.336s] Level 1:colcon.colcon_core.package_identification:_identify(tmp) by extension 'ignore_ament_install'
[0.336s] Level 1:colcon.colcon_core.package_identification:_identify(tmp) by extensions ['colcon_pkg']
[0.336s] Level 1:colcon.colcon_core.package_identification:_identify(tmp) by extension 'colcon_pkg'
[0.336s] Level 1:colcon.colcon_core.package_identification:_identify(tmp) by extensions ['colcon_meta']
[0.336s] Level 1:colcon.colcon_core.package_identification:_identify(tmp) by extension 'colcon_meta'
[0.336s] Level 1:colcon.colcon_core.package_identification:_identify(tmp) by extensions ['ros']
[0.336s] Level 1:colcon.colcon_core.package_identification:_identify(tmp) by extension 'ros'
[0.336s] Level 1:colcon.colcon_core.package_identification:_identify(tmp) by extensions ['cmake', 'python']
[0.336s] Level 1:colcon.colcon_core.package_identification:_identify(tmp) by extension 'cmake'
[0.336s] Level 1:colcon.colcon_core.package_identification:_identify(tmp) by extension 'python'
[0.336s] Level 1:colcon.colcon_core.package_identification:_identify(tmp) by extensions ['python_setup_py']
[0.336s] Level 1:colcon.colcon_core.package_identification:_identify(tmp) by extension 'python_setup_py'
[0.337s] Level 1:colcon.colcon_core.package_identification:_identify(tmp/Universal_Robots_ROS2_Driver) by extensions ['ignore', 'ignore_ament_install']
[0.337s] Level 1:colcon.colcon_core.package_identification:_identify(tmp/Universal_Robots_ROS2_Driver) by extension 'ignore'
[0.337s] Level 1:colcon.colcon_core.package_identification:_identify(tmp/Universal_Robots_ROS2_Driver) by extension 'ignore_ament_install'
[0.337s] Level 1:colcon.colcon_core.package_identification:_identify(tmp/Universal_Robots_ROS2_Driver) by extensions ['colcon_pkg']
[0.337s] Level 1:colcon.colcon_core.package_identification:_identify(tmp/Universal_Robots_ROS2_Driver) by extension 'colcon_pkg'
[0.337s] Level 1:colcon.colcon_core.package_identification:_identify(tmp/Universal_Robots_ROS2_Driver) by extensions ['colcon_meta']
[0.337s] Level 1:colcon.colcon_core.package_identification:_identify(tmp/Universal_Robots_ROS2_Driver) by extension 'colcon_meta'
[0.337s] Level 1:colcon.colcon_core.package_identification:_identify(tmp/Universal_Robots_ROS2_Driver) by extensions ['ros']
[0.337s] Level 1:colcon.colcon_core.package_identification:_identify(tmp/Universal_Robots_ROS2_Driver) by extension 'ros'
[0.337s] Level 1:colcon.colcon_core.package_identification:_identify(tmp/Universal_Robots_ROS2_Driver) by extensions ['cmake', 'python']
[0.337s] Level 1:colcon.colcon_core.package_identification:_identify(tmp/Universal_Robots_ROS2_Driver) by extension 'cmake'
[0.337s] Level 1:colcon.colcon_core.package_identification:_identify(tmp/Universal_Robots_ROS2_Driver) by extension 'python'
[0.337s] Level 1:colcon.colcon_core.package_identification:_identify(tmp/Universal_Robots_ROS2_Driver) by extensions ['python_setup_py']
[0.337s] Level 1:colcon.colcon_core.package_identification:_identify(tmp/Universal_Robots_ROS2_Driver) by extension 'python_setup_py'
[0.337s] Level 1:colcon.colcon_core.package_identification:_identify(tmp/Universal_Robots_ROS2_Driver/ur) by extensions ['ignore', 'ignore_ament_install']
[0.337s] Level 1:colcon.colcon_core.package_identification:_identify(tmp/Universal_Robots_ROS2_Driver/ur) by extension 'ignore'
[0.337s] Level 1:colcon.colcon_core.package_identification:_identify(tmp/Universal_Robots_ROS2_Driver/ur) by extension 'ignore_ament_install'
[0.337s] Level 1:colcon.colcon_core.package_identification:_identify(tmp/Universal_Robots_ROS2_Driver/ur) by extensions ['colcon_pkg']
[0.337s] Level 1:colcon.colcon_core.package_identification:_identify(tmp/Universal_Robots_ROS2_Driver/ur) by extension 'colcon_pkg'
[0.338s] Level 1:colcon.colcon_core.package_identification:_identify(tmp/Universal_Robots_ROS2_Driver/ur) by extensions ['colcon_meta']
[0.338s] Level 1:colcon.colcon_core.package_identification:_identify(tmp/Universal_Robots_ROS2_Driver/ur) by extension 'colcon_meta'
[0.338s] Level 1:colcon.colcon_core.package_identification:_identify(tmp/Universal_Robots_ROS2_Driver/ur) by extensions ['ros']
[0.338s] Level 1:colcon.colcon_core.package_identification:_identify(tmp/Universal_Robots_ROS2_Driver/ur) by extension 'ros'
[0.338s] DEBUG:colcon.colcon_core.package_identification:Package 'tmp/Universal_Robots_ROS2_Driver/ur' with type 'ros.ament_cmake' and name 'ur'
[0.338s] Level 1:colcon.colcon_core.package_identification:_identify(tmp/Universal_Robots_ROS2_Driver/ur_calibration) by extensions ['ignore', 'ignore_ament_install']
[0.338s] Level 1:colcon.colcon_core.package_identification:_identify(tmp/Universal_Robots_ROS2_Driver/ur_calibration) by extension 'ignore'
[0.338s] Level 1:colcon.colcon_core.package_identification:_identify(tmp/Universal_Robots_ROS2_Driver/ur_calibration) by extension 'ignore_ament_install'
[0.339s] Level 1:colcon.colcon_core.package_identification:_identify(tmp/Universal_Robots_ROS2_Driver/ur_calibration) by extensions ['colcon_pkg']
[0.339s] Level 1:colcon.colcon_core.package_identification:_identify(tmp/Universal_Robots_ROS2_Driver/ur_calibration) by extension 'colcon_pkg'
[0.339s] Level 1:colcon.colcon_core.package_identification:_identify(tmp/Universal_Robots_ROS2_Driver/ur_calibration) by extensions ['colcon_meta']
[0.339s] Level 1:colcon.colcon_core.package_identification:_identify(tmp/Universal_Robots_ROS2_Driver/ur_calibration) by extension 'colcon_meta'
[0.339s] Level 1:colcon.colcon_core.package_identification:_identify(tmp/Universal_Robots_ROS2_Driver/ur_calibration) by extensions ['ros']
[0.339s] Level 1:colcon.colcon_core.package_identification:_identify(tmp/Universal_Robots_ROS2_Driver/ur_calibration) by extension 'ros'
[0.340s] DEBUG:colcon.colcon_core.package_identification:Package 'tmp/Universal_Robots_ROS2_Driver/ur_calibration' with type 'ros.ament_cmake' and name 'ur_calibration'
[0.340s] Level 1:colcon.colcon_core.package_identification:_identify(tmp/Universal_Robots_ROS2_Driver/ur_controllers) by extensions ['ignore', 'ignore_ament_install']
[0.340s] Level 1:colcon.colcon_core.package_identification:_identify(tmp/Universal_Robots_ROS2_Driver/ur_controllers) by extension 'ignore'
[0.340s] Level 1:colcon.colcon_core.package_identification:_identify(tmp/Universal_Robots_ROS2_Driver/ur_controllers) by extension 'ignore_ament_install'
[0.340s] Level 1:colcon.colcon_core.package_identification:_identify(tmp/Universal_Robots_ROS2_Driver/ur_controllers) by extensions ['colcon_pkg']
[0.340s] Level 1:colcon.colcon_core.package_identification:_identify(tmp/Universal_Robots_ROS2_Driver/ur_controllers) by extension 'colcon_pkg'
[0.340s] Level 1:colcon.colcon_core.package_identification:_identify(tmp/Universal_Robots_ROS2_Driver/ur_controllers) by extensions ['colcon_meta']
[0.340s] Level 1:colcon.colcon_core.package_identification:_identify(tmp/Universal_Robots_ROS2_Driver/ur_controllers) by extension 'colcon_meta'
[0.340s] Level 1:colcon.colcon_core.package_identification:_identify(tmp/Universal_Robots_ROS2_Driver/ur_controllers) by extensions ['ros']
[0.340s] Level 1:colcon.colcon_core.package_identification:_identify(tmp/Universal_Robots_ROS2_Driver/ur_controllers) by extension 'ros'
[0.341s] DEBUG:colcon.colcon_core.package_identification:Package 'tmp/Universal_Robots_ROS2_Driver/ur_controllers' with type 'ros.ament_cmake' and name 'ur_controllers'
[0.341s] Level 1:colcon.colcon_core.package_identification:_identify(tmp/Universal_Robots_ROS2_Driver/ur_dashboard_msgs) by extensions ['ignore', 'ignore_ament_install']
[0.342s] Level 1:colcon.colcon_core.package_identification:_identify(tmp/Universal_Robots_ROS2_Driver/ur_dashboard_msgs) by extension 'ignore'
[0.342s] Level 1:colcon.colcon_core.package_identification:_identify(tmp/Universal_Robots_ROS2_Driver/ur_dashboard_msgs) by extension 'ignore_ament_install'
[0.342s] Level 1:colcon.colcon_core.package_identification:_identify(tmp/Universal_Robots_ROS2_Driver/ur_dashboard_msgs) by extensions ['colcon_pkg']
[0.342s] Level 1:colcon.colcon_core.package_identification:_identify(tmp/Universal_Robots_ROS2_Driver/ur_dashboard_msgs) by extension 'colcon_pkg'
[0.342s] Level 1:colcon.colcon_core.package_identification:_identify(tmp/Universal_Robots_ROS2_Driver/ur_dashboard_msgs) by extensions ['colcon_meta']
[0.342s] Level 1:colcon.colcon_core.package_identification:_identify(tmp/Universal_Robots_ROS2_Driver/ur_dashboard_msgs) by extension 'colcon_meta'
[0.342s] Level 1:colcon.colcon_core.package_identification:_identify(tmp/Universal_Robots_ROS2_Driver/ur_dashboard_msgs) by extensions ['ros']
[0.342s] Level 1:colcon.colcon_core.package_identification:_identify(tmp/Universal_Robots_ROS2_Driver/ur_dashboard_msgs) by extension 'ros'
[0.343s] DEBUG:colcon.colcon_core.package_identification:Package 'tmp/Universal_Robots_ROS2_Driver/ur_dashboard_msgs' with type 'ros.ament_cmake' and name 'ur_dashboard_msgs'
[0.343s] Level 1:colcon.colcon_core.package_identification:_identify(tmp/Universal_Robots_ROS2_Driver/ur_moveit_config) by extensions ['ignore', 'ignore_ament_install']
[0.343s] Level 1:colcon.colcon_core.package_identification:_identify(tmp/Universal_Robots_ROS2_Driver/ur_moveit_config) by extension 'ignore'
[0.343s] Level 1:colcon.colcon_core.package_identification:_identify(tmp/Universal_Robots_ROS2_Driver/ur_moveit_config) by extension 'ignore_ament_install'
[0.343s] Level 1:colcon.colcon_core.package_identification:_identify(tmp/Universal_Robots_ROS2_Driver/ur_moveit_config) by extensions ['colcon_pkg']
[0.343s] Level 1:colcon.colcon_core.package_identification:_identify(tmp/Universal_Robots_ROS2_Driver/ur_moveit_config) by extension 'colcon_pkg'
[0.343s] Level 1:colcon.colcon_core.package_identification:_identify(tmp/Universal_Robots_ROS2_Driver/ur_moveit_config) by extensions ['colcon_meta']
[0.343s] Level 1:colcon.colcon_core.package_identification:_identify(tmp/Universal_Robots_ROS2_Driver/ur_moveit_config) by extension 'colcon_meta'
[0.343s] Level 1:colcon.colcon_core.package_identification:_identify(tmp/Universal_Robots_ROS2_Driver/ur_moveit_config) by extensions ['ros']
[0.343s] Level 1:colcon.colcon_core.package_identification:_identify(tmp/Universal_Robots_ROS2_Driver/ur_moveit_config) by extension 'ros'
[0.344s] DEBUG:colcon.colcon_core.package_identification:Package 'tmp/Universal_Robots_ROS2_Driver/ur_moveit_config' with type 'ros.ament_cmake' and name 'ur_moveit_config'
[0.344s] Level 1:colcon.colcon_core.package_identification:_identify(tmp/Universal_Robots_ROS2_Driver/ur_robot_driver) by extensions ['ignore', 'ignore_ament_install']
[0.344s] Level 1:colcon.colcon_core.package_identification:_identify(tmp/Universal_Robots_ROS2_Driver/ur_robot_driver) by extension 'ignore'
[0.344s] Level 1:colcon.colcon_core.package_identification:_identify(tmp/Universal_Robots_ROS2_Driver/ur_robot_driver) by extension 'ignore_ament_install'
[0.344s] Level 1:colcon.colcon_core.package_identification:_identify(tmp/Universal_Robots_ROS2_Driver/ur_robot_driver) by extensions ['colcon_pkg']
[0.344s] Level 1:colcon.colcon_core.package_identification:_identify(tmp/Universal_Robots_ROS2_Driver/ur_robot_driver) by extension 'colcon_pkg'
[0.344s] Level 1:colcon.colcon_core.package_identification:_identify(tmp/Universal_Robots_ROS2_Driver/ur_robot_driver) by extensions ['colcon_meta']
[0.344s] Level 1:colcon.colcon_core.package_identification:_identify(tmp/Universal_Robots_ROS2_Driver/ur_robot_driver) by extension 'colcon_meta'
[0.344s] Level 1:colcon.colcon_core.package_identification:_identify(tmp/Universal_Robots_ROS2_Driver/ur_robot_driver) by extensions ['ros']
[0.344s] Level 1:colcon.colcon_core.package_identification:_identify(tmp/Universal_Robots_ROS2_Driver/ur_robot_driver) by extension 'ros'
[0.346s] DEBUG:colcon.colcon_core.package_identification:Package 'tmp/Universal_Robots_ROS2_Driver/ur_robot_driver' with type 'ros.ament_cmake' and name 'ur_robot_driver'
[0.346s] Level 1:colcon.colcon_core.package_discovery:discover_packages(recursive) using defaults
[0.346s] Level 1:colcon.colcon_core.package_discovery:discover_packages(ignore) discover
[0.346s] Level 1:colcon.colcon_core.package_discovery:discover_packages(ignore) using defaults
[0.346s] Level 1:colcon.colcon_core.package_discovery:discover_packages(path) discover
[0.347s] Level 1:colcon.colcon_core.package_discovery:discover_packages(path) using defaults
[0.347s] WARNING:colcon.colcon_core.package_selection:ignoring unknown package './lib/ros2_ws/src/Universal_Robots_ROS2_Driver/ur_robot_driver' in --packages-select
[0.374s] INFO:colcon.colcon_core.package_selection:Skipping not selected package 'ur_dashboard_msgs' in 'tmp/Universal_Robots_ROS2_Driver/ur_dashboard_msgs'
[0.374s] INFO:colcon.colcon_core.package_selection:Skipping not selected package 'ur_dashboard_msgs' in 'lib/ros2_ws/src/Universal_Robots_ROS2_Driver/ur_dashboard_msgs'
[0.374s] INFO:colcon.colcon_core.package_selection:Skipping not selected package 'ur_moveit_config' in 'lib/ros2_ws/src/Universal_Robots_ROS2_Driver/ur_moveit_config'
[0.374s] INFO:colcon.colcon_core.package_selection:Skipping not selected package 'ur_moveit_config' in 'tmp/Universal_Robots_ROS2_Driver/ur_moveit_config'
[0.374s] INFO:colcon.colcon_core.package_selection:Skipping not selected package 'ur_controllers' in 'lib/ros2_ws/src/Universal_Robots_ROS2_Driver/ur_controllers'
[0.374s] INFO:colcon.colcon_core.package_selection:Skipping not selected package 'ur_controllers' in 'tmp/Universal_Robots_ROS2_Driver/ur_controllers'
[0.374s] INFO:colcon.colcon_core.package_selection:Skipping not selected package 'ur_bringup' in 'lib/ros2_ws/src/Universal_Robots_ROS2_Driver/ur_bringup'
[0.374s] INFO:colcon.colcon_core.package_selection:Skipping not selected package 'ur_robot_driver' in 'lib/ros2_ws/src/Universal_Robots_ROS2_Driver/ur_robot_driver'
[0.374s] INFO:colcon.colcon_core.package_selection:Skipping not selected package 'ur_robot_driver' in 'tmp/Universal_Robots_ROS2_Driver/ur_robot_driver'
[0.374s] INFO:colcon.colcon_core.package_selection:Skipping not selected package 'ur_calibration' in 'tmp/Universal_Robots_ROS2_Driver/ur_calibration'
[0.374s] INFO:colcon.colcon_core.package_selection:Skipping not selected package 'ur_calibration' in 'lib/ros2_ws/src/Universal_Robots_ROS2_Driver/ur_calibration'
[0.374s] INFO:colcon.colcon_core.package_selection:Skipping not selected package 'ur' in 'tmp/Universal_Robots_ROS2_Driver/ur'
[0.374s] INFO:colcon.colcon_core.package_selection:Skipping not selected package 'ur' in 'lib/ros2_ws/src/Universal_Robots_ROS2_Driver/ur'
[0.375s] INFO:colcon.colcon_core.executor:Executing jobs using 'parallel' executor
[0.375s] DEBUG:colcon.colcon_parallel_executor.executor.parallel:run_until_complete
[0.375s] DEBUG:colcon.colcon_parallel_executor.executor.parallel:closing loop
[0.375s] DEBUG:colcon.colcon_parallel_executor.executor.parallel:loop closed
[0.375s] DEBUG:colcon.colcon_parallel_executor.executor.parallel:run_until_complete finished with '0'
[0.376s] DEBUG:colcon.colcon_core.event_reactor:joining thread
[0.381s] INFO:colcon.colcon_core.plugin_system:Skipping extension 'colcon_notification.desktop_notification.terminal_notifier': Not used on non-Darwin systems
[0.381s] INFO:colcon.colcon_core.plugin_system:Skipping extension 'colcon_notification.desktop_notification.win32': Not used on non-Windows systems
[0.381s] INFO:colcon.colcon_notification.desktop_notification:Sending desktop notification using 'notify2'
[0.393s] DEBUG:colcon.colcon_core.event_reactor:joined thread
[0.396s] INFO:colcon.colcon_core.plugin_system:Skipping extension 'colcon_core.shell.bat': Not used on non-Windows systems
[0.396s] INFO:colcon.colcon_core.shell:Creating prefix script '/home/samarth/GitHub/Dissertation/install/local_setup.ps1'
[0.397s] INFO:colcon.colcon_core.shell:Creating prefix util module '/home/samarth/GitHub/Dissertation/install/_local_setup_util_ps1.py'
[0.398s] INFO:colcon.colcon_core.shell:Creating prefix chain script '/home/samarth/GitHub/Dissertation/install/setup.ps1'
[0.401s] INFO:colcon.colcon_core.shell:Creating prefix script '/home/samarth/GitHub/Dissertation/install/local_setup.sh'
[0.401s] INFO:colcon.colcon_core.shell:Creating prefix util module '/home/samarth/GitHub/Dissertation/install/_local_setup_util_sh.py'
[0.402s] INFO:colcon.colcon_core.shell:Creating prefix chain script '/home/samarth/GitHub/Dissertation/install/setup.sh'
[0.403s] INFO:colcon.colcon_core.shell:Creating prefix script '/home/samarth/GitHub/Dissertation/install/local_setup.bash'
[0.403s] INFO:colcon.colcon_core.shell:Creating prefix chain script '/home/samarth/GitHub/Dissertation/install/setup.bash'
[0.404s] INFO:colcon.colcon_core.shell:Creating prefix script '/home/samarth/GitHub/Dissertation/install/local_setup.zsh'
[0.405s] INFO:colcon.colcon_core.shell:Creating prefix chain script '/home/samarth/GitHub/Dissertation/install/setup.zsh'
