[0.154s] DEBUG:colcon:Command line arguments: ['/home/samarth/.local/bin/colcon', 'build']
[0.154s] DEBUG:colcon:Parsed command line arguments: Namespace(log_base=None, log_level=None, verb_name='build', build_base='build', install_base='install', merge_install=False, symlink_install=False, test_result_base=None, continue_on_error=False, executor='parallel', parallel_workers=6, event_handlers=None, ignore_user_meta=False, metas=['./colcon.meta'], base_paths=['.'], packages_ignore=None, packages_ignore_regex=None, paths=None, packages_up_to=None, packages_up_to_regex=None, packages_above=None, packages_above_and_dependencies=None, packages_above_depth=None, packages_select_by_dep=None, packages_skip_by_dep=None, packages_skip_up_to=None, packages_select_build_failed=False, packages_skip_build_finished=False, packages_select_test_failures=False, packages_skip_test_passed=False, packages_select=None, packages_skip=None, packages_select_regex=None, packages_skip_regex=None, packages_start=None, packages_end=None, allow_overriding=[], cmake_args=None, cmake_target=None, cmake_target_skip_unavailable=False, cmake_clean_cache=False, cmake_clean_first=False, cmake_force_configure=False, ament_cmake_args=None, catkin_cmake_args=None, catkin_skip_building_tests=False, mixin_files=None, mixin=None, verb_parser=<colcon_mixin.mixin.mixin_argument.MixinArgumentDecorator object at 0x7f6fd41c0e80>, verb_extension=<colcon_core.verb.build.BuildVerb object at 0x7f6fd41c08b0>, main=<bound method BuildVerb.main of <colcon_core.verb.build.BuildVerb object at 0x7f6fd41c08b0>>, mixin_verb=('build',))
[0.385s] Level 1:colcon.colcon_core.package_discovery:discover_packages(colcon_meta) check parameters
[0.385s] Level 1:colcon.colcon_core.package_discovery:discover_packages(recursive) check parameters
[0.385s] Level 1:colcon.colcon_core.package_discovery:discover_packages(ignore) check parameters
[0.385s] Level 1:colcon.colcon_core.package_discovery:discover_packages(path) check parameters
[0.385s] Level 1:colcon.colcon_core.package_discovery:discover_packages(colcon_meta) discover
[0.385s] Level 1:colcon.colcon_core.package_discovery:discover_packages(recursive) discover
[0.385s] INFO:colcon.colcon_core.package_discovery:Crawling recursively for packages in '/home/samarth/GitHub/Dissertation/trial_of_server_part_14'
[0.386s] Level 1:colcon.colcon_core.package_identification:_identify(.) by extensions ['ignore', 'ignore_ament_install']
[0.386s] Level 1:colcon.colcon_core.package_identification:_identify(.) by extension 'ignore'
[0.386s] Level 1:colcon.colcon_core.package_identification:_identify(.) by extension 'ignore_ament_install'
[0.386s] Level 1:colcon.colcon_core.package_identification:_identify(.) by extensions ['colcon_pkg']
[0.386s] Level 1:colcon.colcon_core.package_identification:_identify(.) by extension 'colcon_pkg'
[0.386s] Level 1:colcon.colcon_core.package_identification:_identify(.) by extensions ['colcon_meta']
[0.386s] Level 1:colcon.colcon_core.package_identification:_identify(.) by extension 'colcon_meta'
[0.386s] Level 1:colcon.colcon_core.package_identification:_identify(.) by extensions ['ros']
[0.386s] Level 1:colcon.colcon_core.package_identification:_identify(.) by extension 'ros'
[0.397s] Level 1:colcon.colcon_core.package_identification:_identify(.) by extensions ['cmake', 'python']
[0.397s] Level 1:colcon.colcon_core.package_identification:_identify(.) by extension 'cmake'
[0.398s] Level 1:colcon.colcon_core.package_identification:_identify(.) by extension 'python'
[0.398s] DEBUG:colcon.colcon_core.package_identification:Package '.' with type 'cmake' and name 'middle_man'
[0.398s] Level 1:colcon.colcon_core.package_discovery:discover_packages(recursive) using defaults
[0.398s] Level 1:colcon.colcon_core.package_discovery:discover_packages(ignore) discover
[0.398s] Level 1:colcon.colcon_core.package_discovery:discover_packages(ignore) using defaults
[0.398s] Level 1:colcon.colcon_core.package_discovery:discover_packages(path) discover
[0.398s] Level 1:colcon.colcon_core.package_discovery:discover_packages(path) using defaults
[0.419s] Level 1:colcon.colcon_core.package_discovery:discover_packages(prefix_path) check parameters
[0.419s] Level 1:colcon.colcon_core.package_discovery:discover_packages(prefix_path) discover
[0.424s] DEBUG:colcon.colcon_installed_package_information.package_discovery:Found 5 installed packages in /home/samarth/workspaces/ur_gazebo/install
[0.424s] DEBUG:colcon.colcon_installed_package_information.package_discovery:Found 1 installed packages in /home/samarth/ur3_ws/install
[0.424s] DEBUG:colcon.colcon_installed_package_information.package_discovery:Found 3 installed packages in /home/samarth/lib/ros2_ws/install
[0.425s] DEBUG:colcon.colcon_installed_package_information.package_discovery:Found 3 installed packages in /home/samarth/ros2_ws/install
[0.425s] DEBUG:colcon.colcon_installed_package_information.package_discovery:Found 1 installed packages in /home/samarth/workspaces/ur_gz/install
[0.426s] DEBUG:colcon.colcon_installed_package_information.package_discovery:Found 1 installed packages in /home/samarth/ur_ws/install
[0.428s] DEBUG:colcon.colcon_installed_package_information.package_discovery:Found 351 installed packages in /opt/ros/humble
[0.437s] Level 1:colcon.colcon_core.package_discovery:discover_packages(prefix_path) using defaults
[0.491s] Level 5:colcon.colcon_core.verb:set package 'middle_man' build argument 'cmake_args' from command line to 'None'
[0.491s] Level 5:colcon.colcon_core.verb:set package 'middle_man' build argument 'cmake_target' from command line to 'None'
[0.491s] Level 5:colcon.colcon_core.verb:set package 'middle_man' build argument 'cmake_target_skip_unavailable' from command line to 'False'
[0.491s] Level 5:colcon.colcon_core.verb:set package 'middle_man' build argument 'cmake_clean_cache' from command line to 'False'
[0.491s] Level 5:colcon.colcon_core.verb:set package 'middle_man' build argument 'cmake_clean_first' from command line to 'False'
[0.491s] Level 5:colcon.colcon_core.verb:set package 'middle_man' build argument 'cmake_force_configure' from command line to 'False'
[0.491s] Level 5:colcon.colcon_core.verb:set package 'middle_man' build argument 'ament_cmake_args' from command line to 'None'
[0.491s] Level 5:colcon.colcon_core.verb:set package 'middle_man' build argument 'catkin_cmake_args' from command line to 'None'
[0.491s] Level 5:colcon.colcon_core.verb:set package 'middle_man' build argument 'catkin_skip_building_tests' from command line to 'False'
[0.491s] DEBUG:colcon.colcon_core.verb:Building package 'middle_man' with the following arguments: {'ament_cmake_args': None, 'build_base': '/home/samarth/GitHub/Dissertation/trial_of_server_part_14/build/middle_man', 'catkin_cmake_args': None, 'catkin_skip_building_tests': False, 'cmake_args': None, 'cmake_clean_cache': False, 'cmake_clean_first': False, 'cmake_force_configure': False, 'cmake_target': None, 'cmake_target_skip_unavailable': False, 'install_base': '/home/samarth/GitHub/Dissertation/trial_of_server_part_14/install/middle_man', 'merge_install': False, 'path': '/home/samarth/GitHub/Dissertation/trial_of_server_part_14', 'symlink_install': False, 'test_result_base': None}
[0.491s] INFO:colcon.colcon_core.executor:Executing jobs using 'parallel' executor
[0.492s] DEBUG:colcon.colcon_parallel_executor.executor.parallel:run_until_complete
[0.492s] INFO:colcon.colcon_cmake.task.cmake.build:Building CMake package in '/home/samarth/GitHub/Dissertation/trial_of_server_part_14'
[0.495s] INFO:colcon.colcon_core.plugin_system:Skipping extension 'colcon_core.shell.bat': Not used on non-Windows systems
[0.495s] INFO:colcon.colcon_core.shell:Skip shell extension 'powershell' for command environment: Not usable outside of PowerShell
[0.495s] DEBUG:colcon.colcon_core.shell:Skip shell extension 'dsv' for command environment
[0.506s] DEBUG:colcon.colcon_core.event_handler.log_command:Invoking command in '/home/samarth/GitHub/Dissertation/trial_of_server_part_14/build/middle_man': /usr/bin/cmake /home/samarth/GitHub/Dissertation/trial_of_server_part_14 -DCMAKE_INSTALL_PREFIX=/home/samarth/GitHub/Dissertation/trial_of_server_part_14/install/middle_man
[1.890s] DEBUG:colcon.colcon_core.event_handler.log_command:Invoked command in '/home/samarth/GitHub/Dissertation/trial_of_server_part_14/build/middle_man' returned '1': /usr/bin/cmake /home/samarth/GitHub/Dissertation/trial_of_server_part_14 -DCMAKE_INSTALL_PREFIX=/home/samarth/GitHub/Dissertation/trial_of_server_part_14/install/middle_man
[1.900s] DEBUG:colcon.colcon_parallel_executor.executor.parallel:closing loop
[1.900s] DEBUG:colcon.colcon_parallel_executor.executor.parallel:loop closed
[1.901s] DEBUG:colcon.colcon_parallel_executor.executor.parallel:run_until_complete finished with '1'
[1.901s] DEBUG:colcon.colcon_core.event_reactor:joining thread
[1.906s] INFO:colcon.colcon_core.plugin_system:Skipping extension 'colcon_notification.desktop_notification.terminal_notifier': Not used on non-Darwin systems
[1.906s] INFO:colcon.colcon_core.plugin_system:Skipping extension 'colcon_notification.desktop_notification.win32': Not used on non-Windows systems
[1.906s] INFO:colcon.colcon_notification.desktop_notification:Sending desktop notification using 'notify2'
[1.920s] DEBUG:colcon.colcon_core.event_reactor:joined thread
[1.921s] INFO:colcon.colcon_core.shell:Creating prefix script '/home/samarth/GitHub/Dissertation/trial_of_server_part_14/install/local_setup.ps1'
[1.922s] INFO:colcon.colcon_core.shell:Creating prefix util module '/home/samarth/GitHub/Dissertation/trial_of_server_part_14/install/_local_setup_util_ps1.py'
[1.923s] INFO:colcon.colcon_core.shell:Creating prefix chain script '/home/samarth/GitHub/Dissertation/trial_of_server_part_14/install/setup.ps1'
[1.925s] INFO:colcon.colcon_core.shell:Creating prefix script '/home/samarth/GitHub/Dissertation/trial_of_server_part_14/install/local_setup.sh'
[1.925s] INFO:colcon.colcon_core.shell:Creating prefix util module '/home/samarth/GitHub/Dissertation/trial_of_server_part_14/install/_local_setup_util_sh.py'
[1.926s] INFO:colcon.colcon_core.shell:Creating prefix chain script '/home/samarth/GitHub/Dissertation/trial_of_server_part_14/install/setup.sh'
[1.928s] INFO:colcon.colcon_core.shell:Creating prefix script '/home/samarth/GitHub/Dissertation/trial_of_server_part_14/install/local_setup.bash'
[1.928s] INFO:colcon.colcon_core.shell:Creating prefix chain script '/home/samarth/GitHub/Dissertation/trial_of_server_part_14/install/setup.bash'
[1.930s] INFO:colcon.colcon_core.shell:Creating prefix script '/home/samarth/GitHub/Dissertation/trial_of_server_part_14/install/local_setup.zsh'
[1.931s] INFO:colcon.colcon_core.shell:Creating prefix chain script '/home/samarth/GitHub/Dissertation/trial_of_server_part_14/install/setup.zsh'
