[0.178s] DEBUG:colcon:Command line arguments: ['/home/samarth/.local/bin/colcon', 'build', '--packages-select', 'middleware_node']
[0.178s] DEBUG:colcon:Parsed command line arguments: Namespace(log_base=None, log_level=None, verb_name='build', build_base='build', install_base='install', merge_install=False, symlink_install=False, test_result_base=None, continue_on_error=False, executor='parallel', parallel_workers=6, event_handlers=None, ignore_user_meta=False, metas=['./colcon.meta'], base_paths=['.'], packages_ignore=None, packages_ignore_regex=None, paths=None, packages_up_to=None, packages_up_to_regex=None, packages_above=None, packages_above_and_dependencies=None, packages_above_depth=None, packages_select_by_dep=None, packages_skip_by_dep=None, packages_skip_up_to=None, packages_select_build_failed=False, packages_skip_build_finished=False, packages_select_test_failures=False, packages_skip_test_passed=False, packages_select=['middleware_node'], packages_skip=None, packages_select_regex=None, packages_skip_regex=None, packages_start=None, packages_end=None, allow_overriding=[], cmake_args=None, cmake_target=None, cmake_target_skip_unavailable=False, cmake_clean_cache=False, cmake_clean_first=False, cmake_force_configure=False, ament_cmake_args=None, catkin_cmake_args=None, catkin_skip_building_tests=False, mixin_files=None, mixin=None, verb_parser=<colcon_mixin.mixin.mixin_argument.MixinArgumentDecorator object at 0x7fc8a2ca8eb0>, verb_extension=<colcon_core.verb.build.BuildVerb object at 0x7fc8a2ca88e0>, main=<bound method BuildVerb.main of <colcon_core.verb.build.BuildVerb object at 0x7fc8a2ca88e0>>, mixin_verb=('build',))
[0.394s] Level 1:colcon.colcon_core.package_discovery:discover_packages(colcon_meta) check parameters
[0.394s] Level 1:colcon.colcon_core.package_discovery:discover_packages(recursive) check parameters
[0.394s] Level 1:colcon.colcon_core.package_discovery:discover_packages(ignore) check parameters
[0.394s] Level 1:colcon.colcon_core.package_discovery:discover_packages(path) check parameters
[0.394s] Level 1:colcon.colcon_core.package_discovery:discover_packages(colcon_meta) discover
[0.394s] Level 1:colcon.colcon_core.package_discovery:discover_packages(recursive) discover
[0.394s] INFO:colcon.colcon_core.package_discovery:Crawling recursively for packages in '/home/samarth/GitHub/Dissertation'
[0.394s] Level 1:colcon.colcon_core.package_identification:_identify(.) by extensions ['ignore', 'ignore_ament_install']
[0.394s] Level 1:colcon.colcon_core.package_identification:_identify(.) by extension 'ignore'
[0.395s] Level 1:colcon.colcon_core.package_identification:_identify(.) by extension 'ignore_ament_install'
[0.395s] Level 1:colcon.colcon_core.package_identification:_identify(.) by extensions ['colcon_pkg']
[0.395s] Level 1:colcon.colcon_core.package_identification:_identify(.) by extension 'colcon_pkg'
[0.395s] Level 1:colcon.colcon_core.package_identification:_identify(.) by extensions ['colcon_meta']
[0.395s] Level 1:colcon.colcon_core.package_identification:_identify(.) by extension 'colcon_meta'
[0.395s] Level 1:colcon.colcon_core.package_identification:_identify(.) by extensions ['ros']
[0.395s] Level 1:colcon.colcon_core.package_identification:_identify(.) by extension 'ros'
[0.408s] Level 1:colcon.colcon_core.package_identification:_identify(.) by extensions ['cmake', 'python']
[0.408s] Level 1:colcon.colcon_core.package_identification:_identify(.) by extension 'cmake'
[0.408s] Level 1:colcon.colcon_core.package_identification:_identify(.) by extension 'python'
[0.409s] Level 1:colcon.colcon_core.package_identification:_identify(.) by extensions ['python_setup_py']
[0.409s] Level 1:colcon.colcon_core.package_identification:_identify(.) by extension 'python_setup_py'
[0.409s] Level 1:colcon.colcon_core.package_identification:_identify(Dissertation) by extensions ['ignore', 'ignore_ament_install']
[0.409s] Level 1:colcon.colcon_core.package_identification:_identify(Dissertation) by extension 'ignore'
[0.409s] Level 1:colcon.colcon_core.package_identification:_identify(Dissertation) by extension 'ignore_ament_install'
[0.409s] Level 1:colcon.colcon_core.package_identification:_identify(Dissertation) by extensions ['colcon_pkg']
[0.409s] Level 1:colcon.colcon_core.package_identification:_identify(Dissertation) by extension 'colcon_pkg'
[0.409s] Level 1:colcon.colcon_core.package_identification:_identify(Dissertation) by extensions ['colcon_meta']
[0.409s] Level 1:colcon.colcon_core.package_identification:_identify(Dissertation) by extension 'colcon_meta'
[0.409s] Level 1:colcon.colcon_core.package_identification:_identify(Dissertation) by extensions ['ros']
[0.409s] Level 1:colcon.colcon_core.package_identification:_identify(Dissertation) by extension 'ros'
[0.409s] Level 1:colcon.colcon_core.package_identification:_identify(Dissertation) by extensions ['cmake', 'python']
[0.410s] Level 1:colcon.colcon_core.package_identification:_identify(Dissertation) by extension 'cmake'
[0.410s] Level 1:colcon.colcon_core.package_identification:_identify(Dissertation) by extension 'python'
[0.410s] Level 1:colcon.colcon_core.package_identification:_identify(Dissertation) by extensions ['python_setup_py']
[0.410s] Level 1:colcon.colcon_core.package_identification:_identify(Dissertation) by extension 'python_setup_py'
[0.410s] Level 1:colcon.colcon_core.package_identification:_identify(URSIM) by extensions ['ignore', 'ignore_ament_install']
[0.410s] Level 1:colcon.colcon_core.package_identification:_identify(URSIM) by extension 'ignore'
[0.410s] Level 1:colcon.colcon_core.package_identification:_identify(URSIM) by extension 'ignore_ament_install'
[0.411s] Level 1:colcon.colcon_core.package_identification:_identify(URSIM) by extensions ['colcon_pkg']
[0.411s] Level 1:colcon.colcon_core.package_identification:_identify(URSIM) by extension 'colcon_pkg'
[0.411s] Level 1:colcon.colcon_core.package_identification:_identify(URSIM) by extensions ['colcon_meta']
[0.411s] Level 1:colcon.colcon_core.package_identification:_identify(URSIM) by extension 'colcon_meta'
[0.411s] Level 1:colcon.colcon_core.package_identification:_identify(URSIM) by extensions ['ros']
[0.411s] Level 1:colcon.colcon_core.package_identification:_identify(URSIM) by extension 'ros'
[0.411s] Level 1:colcon.colcon_core.package_identification:_identify(URSIM) by extensions ['cmake', 'python']
[0.411s] Level 1:colcon.colcon_core.package_identification:_identify(URSIM) by extension 'cmake'
[0.411s] Level 1:colcon.colcon_core.package_identification:_identify(URSIM) by extension 'python'
[0.411s] Level 1:colcon.colcon_core.package_identification:_identify(URSIM) by extensions ['python_setup_py']
[0.411s] Level 1:colcon.colcon_core.package_identification:_identify(URSIM) by extension 'python_setup_py'
[0.411s] Level 1:colcon.colcon_core.package_identification:_identify(build) by extensions ['ignore', 'ignore_ament_install']
[0.411s] Level 1:colcon.colcon_core.package_identification:_identify(build) by extension 'ignore'
[0.411s] Level 1:colcon.colcon_core.package_identification:_identify(build) ignored
[0.412s] Level 1:colcon.colcon_core.package_identification:_identify(install) by extensions ['ignore', 'ignore_ament_install']
[0.412s] Level 1:colcon.colcon_core.package_identification:_identify(install) by extension 'ignore'
[0.412s] Level 1:colcon.colcon_core.package_identification:_identify(install) ignored
[0.412s] Level 1:colcon.colcon_core.package_identification:_identify(lib) by extensions ['ignore', 'ignore_ament_install']
[0.412s] Level 1:colcon.colcon_core.package_identification:_identify(lib) by extension 'ignore'
[0.412s] Level 1:colcon.colcon_core.package_identification:_identify(lib) by extension 'ignore_ament_install'
[0.412s] Level 1:colcon.colcon_core.package_identification:_identify(lib) by extensions ['colcon_pkg']
[0.412s] Level 1:colcon.colcon_core.package_identification:_identify(lib) by extension 'colcon_pkg'
[0.412s] Level 1:colcon.colcon_core.package_identification:_identify(lib) by extensions ['colcon_meta']
[0.412s] Level 1:colcon.colcon_core.package_identification:_identify(lib) by extension 'colcon_meta'
[0.412s] Level 1:colcon.colcon_core.package_identification:_identify(lib) by extensions ['ros']
[0.412s] Level 1:colcon.colcon_core.package_identification:_identify(lib) by extension 'ros'
[0.412s] Level 1:colcon.colcon_core.package_identification:_identify(lib) by extensions ['cmake', 'python']
[0.412s] Level 1:colcon.colcon_core.package_identification:_identify(lib) by extension 'cmake'
[0.412s] Level 1:colcon.colcon_core.package_identification:_identify(lib) by extension 'python'
[0.413s] Level 1:colcon.colcon_core.package_identification:_identify(lib) by extensions ['python_setup_py']
[0.413s] Level 1:colcon.colcon_core.package_identification:_identify(lib) by extension 'python_setup_py'
[0.413s] Level 1:colcon.colcon_core.package_identification:_identify(lib/ros2_ws) by extensions ['ignore', 'ignore_ament_install']
[0.413s] Level 1:colcon.colcon_core.package_identification:_identify(lib/ros2_ws) by extension 'ignore'
[0.413s] Level 1:colcon.colcon_core.package_identification:_identify(lib/ros2_ws) by extension 'ignore_ament_install'
[0.413s] Level 1:colcon.colcon_core.package_identification:_identify(lib/ros2_ws) by extensions ['colcon_pkg']
[0.413s] Level 1:colcon.colcon_core.package_identification:_identify(lib/ros2_ws) by extension 'colcon_pkg'
[0.413s] Level 1:colcon.colcon_core.package_identification:_identify(lib/ros2_ws) by extensions ['colcon_meta']
[0.413s] Level 1:colcon.colcon_core.package_identification:_identify(lib/ros2_ws) by extension 'colcon_meta'
[0.413s] Level 1:colcon.colcon_core.package_identification:_identify(lib/ros2_ws) by extensions ['ros']
[0.413s] Level 1:colcon.colcon_core.package_identification:_identify(lib/ros2_ws) by extension 'ros'
[0.413s] Level 1:colcon.colcon_core.package_identification:_identify(lib/ros2_ws) by extensions ['cmake', 'python']
[0.413s] Level 1:colcon.colcon_core.package_identification:_identify(lib/ros2_ws) by extension 'cmake'
[0.413s] Level 1:colcon.colcon_core.package_identification:_identify(lib/ros2_ws) by extension 'python'
[0.413s] Level 1:colcon.colcon_core.package_identification:_identify(lib/ros2_ws) by extensions ['python_setup_py']
[0.413s] Level 1:colcon.colcon_core.package_identification:_identify(lib/ros2_ws) by extension 'python_setup_py'
[0.414s] Level 1:colcon.colcon_core.package_identification:_identify(lib/ros2_ws/build) by extensions ['ignore', 'ignore_ament_install']
[0.414s] Level 1:colcon.colcon_core.package_identification:_identify(lib/ros2_ws/build) by extension 'ignore'
[0.414s] Level 1:colcon.colcon_core.package_identification:_identify(lib/ros2_ws/build) ignored
[0.414s] Level 1:colcon.colcon_core.package_identification:_identify(lib/ros2_ws/install) by extensions ['ignore', 'ignore_ament_install']
[0.414s] Level 1:colcon.colcon_core.package_identification:_identify(lib/ros2_ws/install) by extension 'ignore'
[0.414s] Level 1:colcon.colcon_core.package_identification:_identify(lib/ros2_ws/install) ignored
[0.414s] Level 1:colcon.colcon_core.package_identification:_identify(lib/ros2_ws/log) by extensions ['ignore', 'ignore_ament_install']
[0.414s] Level 1:colcon.colcon_core.package_identification:_identify(lib/ros2_ws/log) by extension 'ignore'
[0.414s] Level 1:colcon.colcon_core.package_identification:_identify(lib/ros2_ws/log) ignored
[0.415s] Level 1:colcon.colcon_core.package_identification:_identify(lib/ros2_ws/src) by extensions ['ignore', 'ignore_ament_install']
[0.415s] Level 1:colcon.colcon_core.package_identification:_identify(lib/ros2_ws/src) by extension 'ignore'
[0.415s] Level 1:colcon.colcon_core.package_identification:_identify(lib/ros2_ws/src) by extension 'ignore_ament_install'
[0.415s] Level 1:colcon.colcon_core.package_identification:_identify(lib/ros2_ws/src) by extensions ['colcon_pkg']
[0.415s] Level 1:colcon.colcon_core.package_identification:_identify(lib/ros2_ws/src) by extension 'colcon_pkg'
[0.415s] Level 1:colcon.colcon_core.package_identification:_identify(lib/ros2_ws/src) by extensions ['colcon_meta']
[0.415s] Level 1:colcon.colcon_core.package_identification:_identify(lib/ros2_ws/src) by extension 'colcon_meta'
[0.416s] Level 1:colcon.colcon_core.package_identification:_identify(lib/ros2_ws/src) by extensions ['ros']
[0.416s] Level 1:colcon.colcon_core.package_identification:_identify(lib/ros2_ws/src) by extension 'ros'
[0.416s] Level 1:colcon.colcon_core.package_identification:_identify(lib/ros2_ws/src) by extensions ['cmake', 'python']
[0.416s] Level 1:colcon.colcon_core.package_identification:_identify(lib/ros2_ws/src) by extension 'cmake'
[0.416s] Level 1:colcon.colcon_core.package_identification:_identify(lib/ros2_ws/src) by extension 'python'
[0.416s] Level 1:colcon.colcon_core.package_identification:_identify(lib/ros2_ws/src) by extensions ['python_setup_py']
[0.416s] Level 1:colcon.colcon_core.package_identification:_identify(lib/ros2_ws/src) by extension 'python_setup_py'
[0.416s] Level 1:colcon.colcon_core.package_identification:_identify(lib/ros2_ws/src/Universal_Robots_ROS2_Description) by extensions ['ignore', 'ignore_ament_install']
[0.416s] Level 1:colcon.colcon_core.package_identification:_identify(lib/ros2_ws/src/Universal_Robots_ROS2_Description) by extension 'ignore'
[0.416s] Level 1:colcon.colcon_core.package_identification:_identify(lib/ros2_ws/src/Universal_Robots_ROS2_Description) by extension 'ignore_ament_install'
[0.416s] Level 1:colcon.colcon_core.package_identification:_identify(lib/ros2_ws/src/Universal_Robots_ROS2_Description) by extensions ['colcon_pkg']
[0.416s] Level 1:colcon.colcon_core.package_identification:_identify(lib/ros2_ws/src/Universal_Robots_ROS2_Description) by extension 'colcon_pkg'
[0.416s] Level 1:colcon.colcon_core.package_identification:_identify(lib/ros2_ws/src/Universal_Robots_ROS2_Description) by extensions ['colcon_meta']
[0.416s] Level 1:colcon.colcon_core.package_identification:_identify(lib/ros2_ws/src/Universal_Robots_ROS2_Description) by extension 'colcon_meta'
[0.417s] Level 1:colcon.colcon_core.package_identification:_identify(lib/ros2_ws/src/Universal_Robots_ROS2_Description) by extensions ['ros']
[0.417s] Level 1:colcon.colcon_core.package_identification:_identify(lib/ros2_ws/src/Universal_Robots_ROS2_Description) by extension 'ros'
[0.429s] DEBUG:colcon.colcon_core.package_identification:Package 'lib/ros2_ws/src/Universal_Robots_ROS2_Description' with type 'ros.ament_cmake' and name 'ur_description'
[0.429s] Level 1:colcon.colcon_core.package_identification:_identify(log) by extensions ['ignore', 'ignore_ament_install']
[0.429s] Level 1:colcon.colcon_core.package_identification:_identify(log) by extension 'ignore'
[0.429s] Level 1:colcon.colcon_core.package_identification:_identify(log) ignored
[0.429s] Level 1:colcon.colcon_core.package_identification:_identify(middleware_node) by extensions ['ignore', 'ignore_ament_install']
[0.430s] Level 1:colcon.colcon_core.package_identification:_identify(middleware_node) by extension 'ignore'
[0.430s] Level 1:colcon.colcon_core.package_identification:_identify(middleware_node) by extension 'ignore_ament_install'
[0.430s] Level 1:colcon.colcon_core.package_identification:_identify(middleware_node) by extensions ['colcon_pkg']
[0.430s] Level 1:colcon.colcon_core.package_identification:_identify(middleware_node) by extension 'colcon_pkg'
[0.430s] Level 1:colcon.colcon_core.package_identification:_identify(middleware_node) by extensions ['colcon_meta']
[0.430s] Level 1:colcon.colcon_core.package_identification:_identify(middleware_node) by extension 'colcon_meta'
[0.430s] Level 1:colcon.colcon_core.package_identification:_identify(middleware_node) by extensions ['ros']
[0.430s] Level 1:colcon.colcon_core.package_identification:_identify(middleware_node) by extension 'ros'
[0.431s] DEBUG:colcon.colcon_core.package_identification:Package 'middleware_node' with type 'ros.ament_cmake' and name 'middleware_node'
[0.431s] Level 1:colcon.colcon_core.package_identification:_identify(storage) by extensions ['ignore', 'ignore_ament_install']
[0.431s] Level 1:colcon.colcon_core.package_identification:_identify(storage) by extension 'ignore'
[0.432s] Level 1:colcon.colcon_core.package_identification:_identify(storage) by extension 'ignore_ament_install'
[0.432s] Level 1:colcon.colcon_core.package_identification:_identify(storage) by extensions ['colcon_pkg']
[0.432s] Level 1:colcon.colcon_core.package_identification:_identify(storage) by extension 'colcon_pkg'
[0.432s] Level 1:colcon.colcon_core.package_identification:_identify(storage) by extensions ['colcon_meta']
[0.432s] Level 1:colcon.colcon_core.package_identification:_identify(storage) by extension 'colcon_meta'
[0.432s] Level 1:colcon.colcon_core.package_identification:_identify(storage) by extensions ['ros']
[0.432s] Level 1:colcon.colcon_core.package_identification:_identify(storage) by extension 'ros'
[0.432s] Level 1:colcon.colcon_core.package_identification:_identify(storage) by extensions ['cmake', 'python']
[0.432s] Level 1:colcon.colcon_core.package_identification:_identify(storage) by extension 'cmake'
[0.432s] Level 1:colcon.colcon_core.package_identification:_identify(storage) by extension 'python'
[0.432s] Level 1:colcon.colcon_core.package_identification:_identify(storage) by extensions ['python_setup_py']
[0.432s] Level 1:colcon.colcon_core.package_identification:_identify(storage) by extension 'python_setup_py'
[0.432s] Level 1:colcon.colcon_core.package_identification:_identify(storage/iop) by extensions ['ignore', 'ignore_ament_install']
[0.433s] Level 1:colcon.colcon_core.package_identification:_identify(storage/iop) by extension 'ignore'
[0.433s] Level 1:colcon.colcon_core.package_identification:_identify(storage/iop) by extension 'ignore_ament_install'
[0.433s] Level 1:colcon.colcon_core.package_identification:_identify(storage/iop) by extensions ['colcon_pkg']
[0.433s] Level 1:colcon.colcon_core.package_identification:_identify(storage/iop) by extension 'colcon_pkg'
[0.433s] Level 1:colcon.colcon_core.package_identification:_identify(storage/iop) by extensions ['colcon_meta']
[0.433s] Level 1:colcon.colcon_core.package_identification:_identify(storage/iop) by extension 'colcon_meta'
[0.433s] Level 1:colcon.colcon_core.package_identification:_identify(storage/iop) by extensions ['ros']
[0.433s] Level 1:colcon.colcon_core.package_identification:_identify(storage/iop) by extension 'ros'
[0.433s] Level 1:colcon.colcon_core.package_identification:_identify(storage/iop) by extensions ['cmake', 'python']
[0.433s] Level 1:colcon.colcon_core.package_identification:_identify(storage/iop) by extension 'cmake'
[0.433s] Level 1:colcon.colcon_core.package_identification:_identify(storage/iop) by extension 'python'
[0.433s] Level 1:colcon.colcon_core.package_identification:_identify(storage/iop) by extensions ['python_setup_py']
[0.433s] Level 1:colcon.colcon_core.package_identification:_identify(storage/iop) by extension 'python_setup_py'
[0.433s] Level 1:colcon.colcon_core.package_identification:_identify(storage/popp) by extensions ['ignore', 'ignore_ament_install']
[0.433s] Level 1:colcon.colcon_core.package_identification:_identify(storage/popp) by extension 'ignore'
[0.433s] Level 1:colcon.colcon_core.package_identification:_identify(storage/popp) by extension 'ignore_ament_install'
[0.434s] Level 1:colcon.colcon_core.package_identification:_identify(storage/popp) by extensions ['colcon_pkg']
[0.434s] Level 1:colcon.colcon_core.package_identification:_identify(storage/popp) by extension 'colcon_pkg'
[0.434s] Level 1:colcon.colcon_core.package_identification:_identify(storage/popp) by extensions ['colcon_meta']
[0.434s] Level 1:colcon.colcon_core.package_identification:_identify(storage/popp) by extension 'colcon_meta'
[0.434s] Level 1:colcon.colcon_core.package_identification:_identify(storage/popp) by extensions ['ros']
[0.434s] Level 1:colcon.colcon_core.package_identification:_identify(storage/popp) by extension 'ros'
[0.434s] Level 1:colcon.colcon_core.package_identification:_identify(storage/popp) by extensions ['cmake', 'python']
[0.434s] Level 1:colcon.colcon_core.package_identification:_identify(storage/popp) by extension 'cmake'
[0.434s] Level 1:colcon.colcon_core.package_identification:_identify(storage/popp) by extension 'python'
[0.434s] Level 1:colcon.colcon_core.package_identification:_identify(storage/popp) by extensions ['python_setup_py']
[0.434s] Level 1:colcon.colcon_core.package_identification:_identify(storage/popp) by extension 'python_setup_py'
[0.434s] Level 1:colcon.colcon_core.package_identification:_identify(storage/ushop) by extensions ['ignore', 'ignore_ament_install']
[0.434s] Level 1:colcon.colcon_core.package_identification:_identify(storage/ushop) by extension 'ignore'
[0.434s] Level 1:colcon.colcon_core.package_identification:_identify(storage/ushop) by extension 'ignore_ament_install'
[0.434s] Level 1:colcon.colcon_core.package_identification:_identify(storage/ushop) by extensions ['colcon_pkg']
[0.434s] Level 1:colcon.colcon_core.package_identification:_identify(storage/ushop) by extension 'colcon_pkg'
[0.434s] Level 1:colcon.colcon_core.package_identification:_identify(storage/ushop) by extensions ['colcon_meta']
[0.434s] Level 1:colcon.colcon_core.package_identification:_identify(storage/ushop) by extension 'colcon_meta'
[0.434s] Level 1:colcon.colcon_core.package_identification:_identify(storage/ushop) by extensions ['ros']
[0.435s] Level 1:colcon.colcon_core.package_identification:_identify(storage/ushop) by extension 'ros'
[0.435s] Level 1:colcon.colcon_core.package_identification:_identify(storage/ushop) by extensions ['cmake', 'python']
[0.435s] Level 1:colcon.colcon_core.package_identification:_identify(storage/ushop) by extension 'cmake'
[0.435s] Level 1:colcon.colcon_core.package_identification:_identify(storage/ushop) by extension 'python'
[0.435s] Level 1:colcon.colcon_core.package_identification:_identify(storage/ushop) by extensions ['python_setup_py']
[0.435s] Level 1:colcon.colcon_core.package_identification:_identify(storage/ushop) by extension 'python_setup_py'
[0.435s] Level 1:colcon.colcon_core.package_identification:_identify(storage/you) by extensions ['ignore', 'ignore_ament_install']
[0.435s] Level 1:colcon.colcon_core.package_identification:_identify(storage/you) by extension 'ignore'
[0.435s] Level 1:colcon.colcon_core.package_identification:_identify(storage/you) by extension 'ignore_ament_install'
[0.435s] Level 1:colcon.colcon_core.package_identification:_identify(storage/you) by extensions ['colcon_pkg']
[0.435s] Level 1:colcon.colcon_core.package_identification:_identify(storage/you) by extension 'colcon_pkg'
[0.435s] Level 1:colcon.colcon_core.package_identification:_identify(storage/you) by extensions ['colcon_meta']
[0.435s] Level 1:colcon.colcon_core.package_identification:_identify(storage/you) by extension 'colcon_meta'
[0.435s] Level 1:colcon.colcon_core.package_identification:_identify(storage/you) by extensions ['ros']
[0.435s] Level 1:colcon.colcon_core.package_identification:_identify(storage/you) by extension 'ros'
[0.435s] Level 1:colcon.colcon_core.package_identification:_identify(storage/you) by extensions ['cmake', 'python']
[0.435s] Level 1:colcon.colcon_core.package_identification:_identify(storage/you) by extension 'cmake'
[0.435s] Level 1:colcon.colcon_core.package_identification:_identify(storage/you) by extension 'python'
[0.435s] Level 1:colcon.colcon_core.package_identification:_identify(storage/you) by extensions ['python_setup_py']
[0.435s] Level 1:colcon.colcon_core.package_identification:_identify(storage/you) by extension 'python_setup_py'
[0.436s] Level 1:colcon.colcon_core.package_identification:_identify(storage/ytp) by extensions ['ignore', 'ignore_ament_install']
[0.436s] Level 1:colcon.colcon_core.package_identification:_identify(storage/ytp) by extension 'ignore'
[0.436s] Level 1:colcon.colcon_core.package_identification:_identify(storage/ytp) by extension 'ignore_ament_install'
[0.436s] Level 1:colcon.colcon_core.package_identification:_identify(storage/ytp) by extensions ['colcon_pkg']
[0.436s] Level 1:colcon.colcon_core.package_identification:_identify(storage/ytp) by extension 'colcon_pkg'
[0.436s] Level 1:colcon.colcon_core.package_identification:_identify(storage/ytp) by extensions ['colcon_meta']
[0.436s] Level 1:colcon.colcon_core.package_identification:_identify(storage/ytp) by extension 'colcon_meta'
[0.436s] Level 1:colcon.colcon_core.package_identification:_identify(storage/ytp) by extensions ['ros']
[0.436s] Level 1:colcon.colcon_core.package_identification:_identify(storage/ytp) by extension 'ros'
[0.436s] Level 1:colcon.colcon_core.package_identification:_identify(storage/ytp) by extensions ['cmake', 'python']
[0.436s] Level 1:colcon.colcon_core.package_identification:_identify(storage/ytp) by extension 'cmake'
[0.436s] Level 1:colcon.colcon_core.package_identification:_identify(storage/ytp) by extension 'python'
[0.436s] Level 1:colcon.colcon_core.package_identification:_identify(storage/ytp) by extensions ['python_setup_py']
[0.436s] Level 1:colcon.colcon_core.package_identification:_identify(storage/ytp) by extension 'python_setup_py'
[0.436s] Level 1:colcon.colcon_core.package_identification:_identify(trial_of_server_part_1) by extensions ['ignore', 'ignore_ament_install']
[0.436s] Level 1:colcon.colcon_core.package_identification:_identify(trial_of_server_part_1) by extension 'ignore'
[0.437s] Level 1:colcon.colcon_core.package_identification:_identify(trial_of_server_part_1) by extension 'ignore_ament_install'
[0.437s] Level 1:colcon.colcon_core.package_identification:_identify(trial_of_server_part_1) by extensions ['colcon_pkg']
[0.437s] Level 1:colcon.colcon_core.package_identification:_identify(trial_of_server_part_1) by extension 'colcon_pkg'
[0.437s] Level 1:colcon.colcon_core.package_identification:_identify(trial_of_server_part_1) by extensions ['colcon_meta']
[0.437s] Level 1:colcon.colcon_core.package_identification:_identify(trial_of_server_part_1) by extension 'colcon_meta'
[0.437s] Level 1:colcon.colcon_core.package_identification:_identify(trial_of_server_part_1) by extensions ['ros']
[0.437s] Level 1:colcon.colcon_core.package_identification:_identify(trial_of_server_part_1) by extension 'ros'
[0.437s] Level 1:colcon.colcon_core.package_identification:_identify(trial_of_server_part_1) by extensions ['cmake', 'python']
[0.437s] Level 1:colcon.colcon_core.package_identification:_identify(trial_of_server_part_1) by extension 'cmake'
[0.437s] Level 1:colcon.colcon_core.package_identification:_identify(trial_of_server_part_1) by extension 'python'
[0.437s] Level 1:colcon.colcon_core.package_identification:_identify(trial_of_server_part_1) by extensions ['python_setup_py']
[0.437s] Level 1:colcon.colcon_core.package_identification:_identify(trial_of_server_part_1) by extension 'python_setup_py'
[0.437s] Level 1:colcon.colcon_core.package_identification:_identify(trial_of_server_part_10) by extensions ['ignore', 'ignore_ament_install']
[0.437s] Level 1:colcon.colcon_core.package_identification:_identify(trial_of_server_part_10) by extension 'ignore'
[0.437s] Level 1:colcon.colcon_core.package_identification:_identify(trial_of_server_part_10) by extension 'ignore_ament_install'
[0.437s] Level 1:colcon.colcon_core.package_identification:_identify(trial_of_server_part_10) by extensions ['colcon_pkg']
[0.437s] Level 1:colcon.colcon_core.package_identification:_identify(trial_of_server_part_10) by extension 'colcon_pkg'
[0.437s] Level 1:colcon.colcon_core.package_identification:_identify(trial_of_server_part_10) by extensions ['colcon_meta']
[0.438s] Level 1:colcon.colcon_core.package_identification:_identify(trial_of_server_part_10) by extension 'colcon_meta'
[0.438s] Level 1:colcon.colcon_core.package_identification:_identify(trial_of_server_part_10) by extensions ['ros']
[0.438s] Level 1:colcon.colcon_core.package_identification:_identify(trial_of_server_part_10) by extension 'ros'
[0.438s] Level 1:colcon.colcon_core.package_identification:_identify(trial_of_server_part_10) by extensions ['cmake', 'python']
[0.438s] Level 1:colcon.colcon_core.package_identification:_identify(trial_of_server_part_10) by extension 'cmake'
[0.438s] Level 1:colcon.colcon_core.package_identification:_identify(trial_of_server_part_10) by extension 'python'
[0.438s] Level 1:colcon.colcon_core.package_identification:_identify(trial_of_server_part_10) by extensions ['python_setup_py']
[0.438s] Level 1:colcon.colcon_core.package_identification:_identify(trial_of_server_part_10) by extension 'python_setup_py'
[0.438s] Level 1:colcon.colcon_core.package_identification:_identify(trial_of_server_part_11) by extensions ['ignore', 'ignore_ament_install']
[0.438s] Level 1:colcon.colcon_core.package_identification:_identify(trial_of_server_part_11) by extension 'ignore'
[0.438s] Level 1:colcon.colcon_core.package_identification:_identify(trial_of_server_part_11) by extension 'ignore_ament_install'
[0.438s] Level 1:colcon.colcon_core.package_identification:_identify(trial_of_server_part_11) by extensions ['colcon_pkg']
[0.438s] Level 1:colcon.colcon_core.package_identification:_identify(trial_of_server_part_11) by extension 'colcon_pkg'
[0.439s] Level 1:colcon.colcon_core.package_identification:_identify(trial_of_server_part_11) by extensions ['colcon_meta']
[0.439s] Level 1:colcon.colcon_core.package_identification:_identify(trial_of_server_part_11) by extension 'colcon_meta'
[0.439s] Level 1:colcon.colcon_core.package_identification:_identify(trial_of_server_part_11) by extensions ['ros']
[0.439s] Level 1:colcon.colcon_core.package_identification:_identify(trial_of_server_part_11) by extension 'ros'
[0.439s] Level 1:colcon.colcon_core.package_identification:_identify(trial_of_server_part_11) by extensions ['cmake', 'python']
[0.439s] Level 1:colcon.colcon_core.package_identification:_identify(trial_of_server_part_11) by extension 'cmake'
[0.439s] Level 1:colcon.colcon_core.package_identification:_identify(trial_of_server_part_11) by extension 'python'
[0.439s] Level 1:colcon.colcon_core.package_identification:_identify(trial_of_server_part_11) by extensions ['python_setup_py']
[0.439s] Level 1:colcon.colcon_core.package_identification:_identify(trial_of_server_part_11) by extension 'python_setup_py'
[0.440s] Level 1:colcon.colcon_core.package_identification:_identify(trial_of_server_part_12) by extensions ['ignore', 'ignore_ament_install']
[0.440s] Level 1:colcon.colcon_core.package_identification:_identify(trial_of_server_part_12) by extension 'ignore'
[0.440s] Level 1:colcon.colcon_core.package_identification:_identify(trial_of_server_part_12) by extension 'ignore_ament_install'
[0.441s] Level 1:colcon.colcon_core.package_identification:_identify(trial_of_server_part_12) by extensions ['colcon_pkg']
[0.441s] Level 1:colcon.colcon_core.package_identification:_identify(trial_of_server_part_12) by extension 'colcon_pkg'
[0.441s] Level 1:colcon.colcon_core.package_identification:_identify(trial_of_server_part_12) by extensions ['colcon_meta']
[0.441s] Level 1:colcon.colcon_core.package_identification:_identify(trial_of_server_part_12) by extension 'colcon_meta'
[0.441s] Level 1:colcon.colcon_core.package_identification:_identify(trial_of_server_part_12) by extensions ['ros']
[0.441s] Level 1:colcon.colcon_core.package_identification:_identify(trial_of_server_part_12) by extension 'ros'
[0.441s] Level 1:colcon.colcon_core.package_identification:_identify(trial_of_server_part_12) by extensions ['cmake', 'python']
[0.442s] Level 1:colcon.colcon_core.package_identification:_identify(trial_of_server_part_12) by extension 'cmake'
[0.442s] Level 1:colcon.colcon_core.package_identification:_identify(trial_of_server_part_12) by extension 'python'
[0.442s] Level 1:colcon.colcon_core.package_identification:_identify(trial_of_server_part_12) by extensions ['python_setup_py']
[0.442s] Level 1:colcon.colcon_core.package_identification:_identify(trial_of_server_part_12) by extension 'python_setup_py'
[0.442s] Level 1:colcon.colcon_core.package_identification:_identify(trial_of_server_part_13) by extensions ['ignore', 'ignore_ament_install']
[0.442s] Level 1:colcon.colcon_core.package_identification:_identify(trial_of_server_part_13) by extension 'ignore'
[0.442s] Level 1:colcon.colcon_core.package_identification:_identify(trial_of_server_part_13) by extension 'ignore_ament_install'
[0.442s] Level 1:colcon.colcon_core.package_identification:_identify(trial_of_server_part_13) by extensions ['colcon_pkg']
[0.442s] Level 1:colcon.colcon_core.package_identification:_identify(trial_of_server_part_13) by extension 'colcon_pkg'
[0.442s] Level 1:colcon.colcon_core.package_identification:_identify(trial_of_server_part_13) by extensions ['colcon_meta']
[0.442s] Level 1:colcon.colcon_core.package_identification:_identify(trial_of_server_part_13) by extension 'colcon_meta'
[0.442s] Level 1:colcon.colcon_core.package_identification:_identify(trial_of_server_part_13) by extensions ['ros']
[0.443s] Level 1:colcon.colcon_core.package_identification:_identify(trial_of_server_part_13) by extension 'ros'
[0.443s] Level 1:colcon.colcon_core.package_identification:_identify(trial_of_server_part_13) by extensions ['cmake', 'python']
[0.443s] Level 1:colcon.colcon_core.package_identification:_identify(trial_of_server_part_13) by extension 'cmake'
[0.443s] Level 1:colcon.colcon_core.package_identification:_identify(trial_of_server_part_13) by extension 'python'
[0.443s] Level 1:colcon.colcon_core.package_identification:_identify(trial_of_server_part_13) by extensions ['python_setup_py']
[0.443s] Level 1:colcon.colcon_core.package_identification:_identify(trial_of_server_part_13) by extension 'python_setup_py'
[0.443s] Level 1:colcon.colcon_core.package_identification:_identify(trial_of_server_part_2) by extensions ['ignore', 'ignore_ament_install']
[0.443s] Level 1:colcon.colcon_core.package_identification:_identify(trial_of_server_part_2) by extension 'ignore'
[0.443s] Level 1:colcon.colcon_core.package_identification:_identify(trial_of_server_part_2) by extension 'ignore_ament_install'
[0.444s] Level 1:colcon.colcon_core.package_identification:_identify(trial_of_server_part_2) by extensions ['colcon_pkg']
[0.444s] Level 1:colcon.colcon_core.package_identification:_identify(trial_of_server_part_2) by extension 'colcon_pkg'
[0.444s] Level 1:colcon.colcon_core.package_identification:_identify(trial_of_server_part_2) by extensions ['colcon_meta']
[0.444s] Level 1:colcon.colcon_core.package_identification:_identify(trial_of_server_part_2) by extension 'colcon_meta'
[0.444s] Level 1:colcon.colcon_core.package_identification:_identify(trial_of_server_part_2) by extensions ['ros']
[0.444s] Level 1:colcon.colcon_core.package_identification:_identify(trial_of_server_part_2) by extension 'ros'
[0.444s] Level 1:colcon.colcon_core.package_identification:_identify(trial_of_server_part_2) by extensions ['cmake', 'python']
[0.444s] Level 1:colcon.colcon_core.package_identification:_identify(trial_of_server_part_2) by extension 'cmake'
[0.444s] Level 1:colcon.colcon_core.package_identification:_identify(trial_of_server_part_2) by extension 'python'
[0.444s] Level 1:colcon.colcon_core.package_identification:_identify(trial_of_server_part_2) by extensions ['python_setup_py']
[0.444s] Level 1:colcon.colcon_core.package_identification:_identify(trial_of_server_part_2) by extension 'python_setup_py'
[0.444s] Level 1:colcon.colcon_core.package_identification:_identify(trial_of_server_part_3) by extensions ['ignore', 'ignore_ament_install']
[0.445s] Level 1:colcon.colcon_core.package_identification:_identify(trial_of_server_part_3) by extension 'ignore'
[0.445s] Level 1:colcon.colcon_core.package_identification:_identify(trial_of_server_part_3) by extension 'ignore_ament_install'
[0.445s] Level 1:colcon.colcon_core.package_identification:_identify(trial_of_server_part_3) by extensions ['colcon_pkg']
[0.445s] Level 1:colcon.colcon_core.package_identification:_identify(trial_of_server_part_3) by extension 'colcon_pkg'
[0.445s] Level 1:colcon.colcon_core.package_identification:_identify(trial_of_server_part_3) by extensions ['colcon_meta']
[0.445s] Level 1:colcon.colcon_core.package_identification:_identify(trial_of_server_part_3) by extension 'colcon_meta'
[0.445s] Level 1:colcon.colcon_core.package_identification:_identify(trial_of_server_part_3) by extensions ['ros']
[0.445s] Level 1:colcon.colcon_core.package_identification:_identify(trial_of_server_part_3) by extension 'ros'
[0.445s] Level 1:colcon.colcon_core.package_identification:_identify(trial_of_server_part_3) by extensions ['cmake', 'python']
[0.445s] Level 1:colcon.colcon_core.package_identification:_identify(trial_of_server_part_3) by extension 'cmake'
[0.445s] Level 1:colcon.colcon_core.package_identification:_identify(trial_of_server_part_3) by extension 'python'
[0.445s] Level 1:colcon.colcon_core.package_identification:_identify(trial_of_server_part_3) by extensions ['python_setup_py']
[0.445s] Level 1:colcon.colcon_core.package_identification:_identify(trial_of_server_part_3) by extension 'python_setup_py'
[0.445s] Level 1:colcon.colcon_core.package_identification:_identify(trial_of_server_part_4) by extensions ['ignore', 'ignore_ament_install']
[0.445s] Level 1:colcon.colcon_core.package_identification:_identify(trial_of_server_part_4) by extension 'ignore'
[0.445s] Level 1:colcon.colcon_core.package_identification:_identify(trial_of_server_part_4) by extension 'ignore_ament_install'
[0.445s] Level 1:colcon.colcon_core.package_identification:_identify(trial_of_server_part_4) by extensions ['colcon_pkg']
[0.446s] Level 1:colcon.colcon_core.package_identification:_identify(trial_of_server_part_4) by extension 'colcon_pkg'
[0.446s] Level 1:colcon.colcon_core.package_identification:_identify(trial_of_server_part_4) by extensions ['colcon_meta']
[0.446s] Level 1:colcon.colcon_core.package_identification:_identify(trial_of_server_part_4) by extension 'colcon_meta'
[0.446s] Level 1:colcon.colcon_core.package_identification:_identify(trial_of_server_part_4) by extensions ['ros']
[0.446s] Level 1:colcon.colcon_core.package_identification:_identify(trial_of_server_part_4) by extension 'ros'
[0.446s] Level 1:colcon.colcon_core.package_identification:_identify(trial_of_server_part_4) by extensions ['cmake', 'python']
[0.446s] Level 1:colcon.colcon_core.package_identification:_identify(trial_of_server_part_4) by extension 'cmake'
[0.446s] Level 1:colcon.colcon_core.package_identification:_identify(trial_of_server_part_4) by extension 'python'
[0.446s] Level 1:colcon.colcon_core.package_identification:_identify(trial_of_server_part_4) by extensions ['python_setup_py']
[0.446s] Level 1:colcon.colcon_core.package_identification:_identify(trial_of_server_part_4) by extension 'python_setup_py'
[0.446s] Level 1:colcon.colcon_core.package_identification:_identify(trial_of_server_part_5) by extensions ['ignore', 'ignore_ament_install']
[0.446s] Level 1:colcon.colcon_core.package_identification:_identify(trial_of_server_part_5) by extension 'ignore'
[0.446s] Level 1:colcon.colcon_core.package_identification:_identify(trial_of_server_part_5) by extension 'ignore_ament_install'
[0.446s] Level 1:colcon.colcon_core.package_identification:_identify(trial_of_server_part_5) by extensions ['colcon_pkg']
[0.446s] Level 1:colcon.colcon_core.package_identification:_identify(trial_of_server_part_5) by extension 'colcon_pkg'
[0.446s] Level 1:colcon.colcon_core.package_identification:_identify(trial_of_server_part_5) by extensions ['colcon_meta']
[0.446s] Level 1:colcon.colcon_core.package_identification:_identify(trial_of_server_part_5) by extension 'colcon_meta'
[0.446s] Level 1:colcon.colcon_core.package_identification:_identify(trial_of_server_part_5) by extensions ['ros']
[0.446s] Level 1:colcon.colcon_core.package_identification:_identify(trial_of_server_part_5) by extension 'ros'
[0.447s] Level 1:colcon.colcon_core.package_identification:_identify(trial_of_server_part_5) by extensions ['cmake', 'python']
[0.447s] Level 1:colcon.colcon_core.package_identification:_identify(trial_of_server_part_5) by extension 'cmake'
[0.447s] Level 1:colcon.colcon_core.package_identification:_identify(trial_of_server_part_5) by extension 'python'
[0.447s] Level 1:colcon.colcon_core.package_identification:_identify(trial_of_server_part_5) by extensions ['python_setup_py']
[0.447s] Level 1:colcon.colcon_core.package_identification:_identify(trial_of_server_part_5) by extension 'python_setup_py'
[0.447s] Level 1:colcon.colcon_core.package_identification:_identify(trial_of_server_part_6) by extensions ['ignore', 'ignore_ament_install']
[0.447s] Level 1:colcon.colcon_core.package_identification:_identify(trial_of_server_part_6) by extension 'ignore'
[0.447s] Level 1:colcon.colcon_core.package_identification:_identify(trial_of_server_part_6) by extension 'ignore_ament_install'
[0.447s] Level 1:colcon.colcon_core.package_identification:_identify(trial_of_server_part_6) by extensions ['colcon_pkg']
[0.447s] Level 1:colcon.colcon_core.package_identification:_identify(trial_of_server_part_6) by extension 'colcon_pkg'
[0.447s] Level 1:colcon.colcon_core.package_identification:_identify(trial_of_server_part_6) by extensions ['colcon_meta']
[0.447s] Level 1:colcon.colcon_core.package_identification:_identify(trial_of_server_part_6) by extension 'colcon_meta'
[0.447s] Level 1:colcon.colcon_core.package_identification:_identify(trial_of_server_part_6) by extensions ['ros']
[0.447s] Level 1:colcon.colcon_core.package_identification:_identify(trial_of_server_part_6) by extension 'ros'
[0.447s] Level 1:colcon.colcon_core.package_identification:_identify(trial_of_server_part_6) by extensions ['cmake', 'python']
[0.447s] Level 1:colcon.colcon_core.package_identification:_identify(trial_of_server_part_6) by extension 'cmake'
[0.447s] Level 1:colcon.colcon_core.package_identification:_identify(trial_of_server_part_6) by extension 'python'
[0.447s] Level 1:colcon.colcon_core.package_identification:_identify(trial_of_server_part_6) by extensions ['python_setup_py']
[0.447s] Level 1:colcon.colcon_core.package_identification:_identify(trial_of_server_part_6) by extension 'python_setup_py'
[0.448s] Level 1:colcon.colcon_core.package_identification:_identify(trial_of_server_part_7) by extensions ['ignore', 'ignore_ament_install']
[0.448s] Level 1:colcon.colcon_core.package_identification:_identify(trial_of_server_part_7) by extension 'ignore'
[0.448s] Level 1:colcon.colcon_core.package_identification:_identify(trial_of_server_part_7) by extension 'ignore_ament_install'
[0.448s] Level 1:colcon.colcon_core.package_identification:_identify(trial_of_server_part_7) by extensions ['colcon_pkg']
[0.448s] Level 1:colcon.colcon_core.package_identification:_identify(trial_of_server_part_7) by extension 'colcon_pkg'
[0.448s] Level 1:colcon.colcon_core.package_identification:_identify(trial_of_server_part_7) by extensions ['colcon_meta']
[0.448s] Level 1:colcon.colcon_core.package_identification:_identify(trial_of_server_part_7) by extension 'colcon_meta'
[0.448s] Level 1:colcon.colcon_core.package_identification:_identify(trial_of_server_part_7) by extensions ['ros']
[0.448s] Level 1:colcon.colcon_core.package_identification:_identify(trial_of_server_part_7) by extension 'ros'
[0.448s] Level 1:colcon.colcon_core.package_identification:_identify(trial_of_server_part_7) by extensions ['cmake', 'python']
[0.448s] Level 1:colcon.colcon_core.package_identification:_identify(trial_of_server_part_7) by extension 'cmake'
[0.448s] Level 1:colcon.colcon_core.package_identification:_identify(trial_of_server_part_7) by extension 'python'
[0.448s] Level 1:colcon.colcon_core.package_identification:_identify(trial_of_server_part_7) by extensions ['python_setup_py']
[0.448s] Level 1:colcon.colcon_core.package_identification:_identify(trial_of_server_part_7) by extension 'python_setup_py'
[0.448s] Level 1:colcon.colcon_core.package_identification:_identify(trial_of_server_part_8) by extensions ['ignore', 'ignore_ament_install']
[0.448s] Level 1:colcon.colcon_core.package_identification:_identify(trial_of_server_part_8) by extension 'ignore'
[0.448s] Level 1:colcon.colcon_core.package_identification:_identify(trial_of_server_part_8) by extension 'ignore_ament_install'
[0.449s] Level 1:colcon.colcon_core.package_identification:_identify(trial_of_server_part_8) by extensions ['colcon_pkg']
[0.449s] Level 1:colcon.colcon_core.package_identification:_identify(trial_of_server_part_8) by extension 'colcon_pkg'
[0.449s] Level 1:colcon.colcon_core.package_identification:_identify(trial_of_server_part_8) by extensions ['colcon_meta']
[0.449s] Level 1:colcon.colcon_core.package_identification:_identify(trial_of_server_part_8) by extension 'colcon_meta'
[0.449s] Level 1:colcon.colcon_core.package_identification:_identify(trial_of_server_part_8) by extensions ['ros']
[0.449s] Level 1:colcon.colcon_core.package_identification:_identify(trial_of_server_part_8) by extension 'ros'
[0.449s] Level 1:colcon.colcon_core.package_identification:_identify(trial_of_server_part_8) by extensions ['cmake', 'python']
[0.449s] Level 1:colcon.colcon_core.package_identification:_identify(trial_of_server_part_8) by extension 'cmake'
[0.449s] Level 1:colcon.colcon_core.package_identification:_identify(trial_of_server_part_8) by extension 'python'
[0.449s] Level 1:colcon.colcon_core.package_identification:_identify(trial_of_server_part_8) by extensions ['python_setup_py']
[0.449s] Level 1:colcon.colcon_core.package_identification:_identify(trial_of_server_part_8) by extension 'python_setup_py'
[0.449s] Level 1:colcon.colcon_core.package_identification:_identify(trial_of_server_part_9) by extensions ['ignore', 'ignore_ament_install']
[0.449s] Level 1:colcon.colcon_core.package_identification:_identify(trial_of_server_part_9) by extension 'ignore'
[0.449s] Level 1:colcon.colcon_core.package_identification:_identify(trial_of_server_part_9) by extension 'ignore_ament_install'
[0.449s] Level 1:colcon.colcon_core.package_identification:_identify(trial_of_server_part_9) by extensions ['colcon_pkg']
[0.449s] Level 1:colcon.colcon_core.package_identification:_identify(trial_of_server_part_9) by extension 'colcon_pkg'
[0.449s] Level 1:colcon.colcon_core.package_identification:_identify(trial_of_server_part_9) by extensions ['colcon_meta']
[0.449s] Level 1:colcon.colcon_core.package_identification:_identify(trial_of_server_part_9) by extension 'colcon_meta'
[0.449s] Level 1:colcon.colcon_core.package_identification:_identify(trial_of_server_part_9) by extensions ['ros']
[0.449s] Level 1:colcon.colcon_core.package_identification:_identify(trial_of_server_part_9) by extension 'ros'
[0.450s] Level 1:colcon.colcon_core.package_identification:_identify(trial_of_server_part_9) by extensions ['cmake', 'python']
[0.450s] Level 1:colcon.colcon_core.package_identification:_identify(trial_of_server_part_9) by extension 'cmake'
[0.450s] Level 1:colcon.colcon_core.package_identification:_identify(trial_of_server_part_9) by extension 'python'
[0.450s] Level 1:colcon.colcon_core.package_identification:_identify(trial_of_server_part_9) by extensions ['python_setup_py']
[0.450s] Level 1:colcon.colcon_core.package_identification:_identify(trial_of_server_part_9) by extension 'python_setup_py'
[0.450s] Level 1:colcon.colcon_core.package_identification:_identify(urdf) by extensions ['ignore', 'ignore_ament_install']
[0.450s] Level 1:colcon.colcon_core.package_identification:_identify(urdf) by extension 'ignore'
[0.450s] Level 1:colcon.colcon_core.package_identification:_identify(urdf) by extension 'ignore_ament_install'
[0.450s] Level 1:colcon.colcon_core.package_identification:_identify(urdf) by extensions ['colcon_pkg']
[0.450s] Level 1:colcon.colcon_core.package_identification:_identify(urdf) by extension 'colcon_pkg'
[0.450s] Level 1:colcon.colcon_core.package_identification:_identify(urdf) by extensions ['colcon_meta']
[0.450s] Level 1:colcon.colcon_core.package_identification:_identify(urdf) by extension 'colcon_meta'
[0.450s] Level 1:colcon.colcon_core.package_identification:_identify(urdf) by extensions ['ros']
[0.450s] Level 1:colcon.colcon_core.package_identification:_identify(urdf) by extension 'ros'
[0.450s] Level 1:colcon.colcon_core.package_identification:_identify(urdf) by extensions ['cmake', 'python']
[0.450s] Level 1:colcon.colcon_core.package_identification:_identify(urdf) by extension 'cmake'
[0.450s] Level 1:colcon.colcon_core.package_identification:_identify(urdf) by extension 'python'
[0.450s] Level 1:colcon.colcon_core.package_identification:_identify(urdf) by extensions ['python_setup_py']
[0.450s] Level 1:colcon.colcon_core.package_identification:_identify(urdf) by extension 'python_setup_py'
[0.451s] Level 1:colcon.colcon_core.package_discovery:discover_packages(recursive) using defaults
[0.451s] Level 1:colcon.colcon_core.package_discovery:discover_packages(ignore) discover
[0.451s] Level 1:colcon.colcon_core.package_discovery:discover_packages(ignore) using defaults
[0.451s] Level 1:colcon.colcon_core.package_discovery:discover_packages(path) discover
[0.451s] Level 1:colcon.colcon_core.package_discovery:discover_packages(path) using defaults
[0.494s] INFO:colcon.colcon_core.package_selection:Skipping not selected package 'ur_description' in 'lib/ros2_ws/src/Universal_Robots_ROS2_Description'
[0.495s] Level 1:colcon.colcon_core.package_discovery:discover_packages(prefix_path) check parameters
[0.495s] Level 1:colcon.colcon_core.package_discovery:discover_packages(prefix_path) discover
[0.498s] DEBUG:colcon.colcon_installed_package_information.package_discovery:Found 4 installed packages in /home/samarth/workspaces/ur_gazebo/install
[0.499s] DEBUG:colcon.colcon_installed_package_information.package_discovery:Found 1 installed packages in /home/samarth/ur3_ws/install
[0.499s] DEBUG:colcon.colcon_installed_package_information.package_discovery:Found 3 installed packages in /home/samarth/lib/ros2_ws/install
[0.500s] DEBUG:colcon.colcon_installed_package_information.package_discovery:Found 3 installed packages in /home/samarth/ros2_ws/install
[0.500s] DEBUG:colcon.colcon_installed_package_information.package_discovery:Found 1 installed packages in /home/samarth/workspaces/ur_gz/install
[0.501s] DEBUG:colcon.colcon_installed_package_information.package_discovery:Found 1 installed packages in /home/samarth/ur_ws/install
[0.503s] DEBUG:colcon.colcon_installed_package_information.package_discovery:Found 351 installed packages in /opt/ros/humble
[0.505s] Level 1:colcon.colcon_core.package_discovery:discover_packages(prefix_path) using defaults
[0.565s] Level 5:colcon.colcon_core.verb:set package 'middleware_node' build argument 'cmake_args' from command line to 'None'
[0.565s] Level 5:colcon.colcon_core.verb:set package 'middleware_node' build argument 'cmake_target' from command line to 'None'
[0.565s] Level 5:colcon.colcon_core.verb:set package 'middleware_node' build argument 'cmake_target_skip_unavailable' from command line to 'False'
[0.565s] Level 5:colcon.colcon_core.verb:set package 'middleware_node' build argument 'cmake_clean_cache' from command line to 'False'
[0.565s] Level 5:colcon.colcon_core.verb:set package 'middleware_node' build argument 'cmake_clean_first' from command line to 'False'
[0.565s] Level 5:colcon.colcon_core.verb:set package 'middleware_node' build argument 'cmake_force_configure' from command line to 'False'
[0.565s] Level 5:colcon.colcon_core.verb:set package 'middleware_node' build argument 'ament_cmake_args' from command line to 'None'
[0.565s] Level 5:colcon.colcon_core.verb:set package 'middleware_node' build argument 'catkin_cmake_args' from command line to 'None'
[0.565s] Level 5:colcon.colcon_core.verb:set package 'middleware_node' build argument 'catkin_skip_building_tests' from command line to 'False'
[0.565s] DEBUG:colcon.colcon_core.verb:Building package 'middleware_node' with the following arguments: {'ament_cmake_args': None, 'build_base': '/home/samarth/GitHub/Dissertation/build/middleware_node', 'catkin_cmake_args': None, 'catkin_skip_building_tests': False, 'cmake_args': None, 'cmake_clean_cache': False, 'cmake_clean_first': False, 'cmake_force_configure': False, 'cmake_target': None, 'cmake_target_skip_unavailable': False, 'install_base': '/home/samarth/GitHub/Dissertation/install/middleware_node', 'merge_install': False, 'path': '/home/samarth/GitHub/Dissertation/middleware_node', 'symlink_install': False, 'test_result_base': None}
[0.565s] INFO:colcon.colcon_core.executor:Executing jobs using 'parallel' executor
[0.567s] DEBUG:colcon.colcon_parallel_executor.executor.parallel:run_until_complete
[0.567s] INFO:colcon.colcon_ros.task.ament_cmake.build:Building ROS package in '/home/samarth/GitHub/Dissertation/middleware_node' with build type 'ament_cmake'
[0.568s] INFO:colcon.colcon_cmake.task.cmake.build:Building CMake package in '/home/samarth/GitHub/Dissertation/middleware_node'
[0.572s] INFO:colcon.colcon_core.plugin_system:Skipping extension 'colcon_core.shell.bat': Not used on non-Windows systems
[0.572s] INFO:colcon.colcon_core.shell:Skip shell extension 'powershell' for command environment: Not usable outside of PowerShell
[0.572s] DEBUG:colcon.colcon_core.shell:Skip shell extension 'dsv' for command environment
[0.584s] DEBUG:colcon.colcon_core.event_handler.log_command:Invoking command in '/home/samarth/GitHub/Dissertation/build/middleware_node': CMAKE_PREFIX_PATH=${CMAKE_PREFIX_PATH}:/opt/ros/humble /usr/bin/cmake /home/samarth/GitHub/Dissertation/middleware_node -DCMAKE_INSTALL_PREFIX=/home/samarth/GitHub/Dissertation/install/middleware_node
[2.208s] DEBUG:colcon.colcon_core.event_handler.log_command:Invoked command in '/home/samarth/GitHub/Dissertation/build/middleware_node' returned '1': CMAKE_PREFIX_PATH=${CMAKE_PREFIX_PATH}:/opt/ros/humble /usr/bin/cmake /home/samarth/GitHub/Dissertation/middleware_node -DCMAKE_INSTALL_PREFIX=/home/samarth/GitHub/Dissertation/install/middleware_node
[2.223s] Level 1:colcon.colcon_core.environment:create_environment_scripts_only(middleware_node)
[2.225s] Level 1:colcon.colcon_core.environment:checking '/home/samarth/GitHub/Dissertation/install/middleware_node' for CMake module files
[2.225s] Level 1:colcon.colcon_core.environment:checking '/home/samarth/GitHub/Dissertation/install/middleware_node' for CMake config files
[2.226s] Level 1:colcon.colcon_core.environment:checking '/home/samarth/GitHub/Dissertation/install/middleware_node/bin'
[2.226s] Level 1:colcon.colcon_core.environment:checking '/home/samarth/GitHub/Dissertation/install/middleware_node/lib/pkgconfig/middleware_node.pc'
[2.226s] Level 1:colcon.colcon_core.environment:checking '/home/samarth/GitHub/Dissertation/install/middleware_node/lib/python3.10/site-packages'
[2.226s] Level 1:colcon.colcon_core.environment:checking '/home/samarth/GitHub/Dissertation/install/middleware_node/bin'
[2.227s] INFO:colcon.colcon_core.shell:Creating package script '/home/samarth/GitHub/Dissertation/install/middleware_node/share/middleware_node/package.ps1'
[2.227s] INFO:colcon.colcon_core.shell:Creating package descriptor '/home/samarth/GitHub/Dissertation/install/middleware_node/share/middleware_node/package.dsv'
[2.228s] INFO:colcon.colcon_core.shell:Creating package script '/home/samarth/GitHub/Dissertation/install/middleware_node/share/middleware_node/package.sh'
[2.228s] INFO:colcon.colcon_core.shell:Creating package script '/home/samarth/GitHub/Dissertation/install/middleware_node/share/middleware_node/package.bash'
[2.229s] INFO:colcon.colcon_core.shell:Creating package script '/home/samarth/GitHub/Dissertation/install/middleware_node/share/middleware_node/package.zsh'
[2.229s] Level 1:colcon.colcon_core.environment:create_file_with_runtime_dependencies(/home/samarth/GitHub/Dissertation/install/middleware_node/share/colcon-core/packages/middleware_node)
[2.240s] DEBUG:colcon.colcon_parallel_executor.executor.parallel:closing loop
[2.240s] DEBUG:colcon.colcon_parallel_executor.executor.parallel:loop closed
[2.240s] DEBUG:colcon.colcon_parallel_executor.executor.parallel:run_until_complete finished with '1'
[2.240s] DEBUG:colcon.colcon_core.event_reactor:joining thread
[2.245s] INFO:colcon.colcon_core.plugin_system:Skipping extension 'colcon_notification.desktop_notification.terminal_notifier': Not used on non-Darwin systems
[2.246s] INFO:colcon.colcon_core.plugin_system:Skipping extension 'colcon_notification.desktop_notification.win32': Not used on non-Windows systems
[2.246s] INFO:colcon.colcon_notification.desktop_notification:Sending desktop notification using 'notify2'
[2.257s] DEBUG:colcon.colcon_core.event_reactor:joined thread
[2.258s] INFO:colcon.colcon_core.shell:Creating prefix script '/home/samarth/GitHub/Dissertation/install/local_setup.ps1'
[2.259s] INFO:colcon.colcon_core.shell:Creating prefix util module '/home/samarth/GitHub/Dissertation/install/_local_setup_util_ps1.py'
[2.260s] INFO:colcon.colcon_core.shell:Creating prefix chain script '/home/samarth/GitHub/Dissertation/install/setup.ps1'
[2.263s] INFO:colcon.colcon_core.shell:Creating prefix script '/home/samarth/GitHub/Dissertation/install/local_setup.sh'
[2.264s] INFO:colcon.colcon_core.shell:Creating prefix util module '/home/samarth/GitHub/Dissertation/install/_local_setup_util_sh.py'
[2.265s] INFO:colcon.colcon_core.shell:Creating prefix chain script '/home/samarth/GitHub/Dissertation/install/setup.sh'
[2.268s] INFO:colcon.colcon_core.shell:Creating prefix script '/home/samarth/GitHub/Dissertation/install/local_setup.bash'
[2.269s] INFO:colcon.colcon_core.shell:Creating prefix chain script '/home/samarth/GitHub/Dissertation/install/setup.bash'
[2.271s] INFO:colcon.colcon_core.shell:Creating prefix script '/home/samarth/GitHub/Dissertation/install/local_setup.zsh'
[2.271s] INFO:colcon.colcon_core.shell:Creating prefix chain script '/home/samarth/GitHub/Dissertation/install/setup.zsh'
