[0.012s] Invoking command in '/home/samarth/GitHub/Dissertation/trial_of_server_part_14/build/middle_man': /usr/bin/cmake /home/samarth/GitHub/Dissertation/trial_of_server_part_14 -DCMAKE_INSTALL_PREFIX=/home/samarth/GitHub/Dissertation/trial_of_server_part_14/install/middle_man
[0.026s] -- Found ament_cmake: 1.3.10 (/opt/ros/humble/share/ament_cmake/cmake)
[0.144s] -- Found rclcpp: 16.0.10 (/opt/ros/humble/share/rclcpp/cmake)
[0.177s] -- Found rosidl_generator_c: 3.1.5 (/opt/ros/humble/share/rosidl_generator_c/cmake)
[0.179s] -- Found rosidl_adapter: 3.1.5 (/opt/ros/humble/share/rosidl_adapter/cmake)
[0.185s] -- Found rosidl_generator_cpp: 3.1.5 (/opt/ros/humble/share/rosidl_generator_cpp/cmake)
[0.196s] -- Using all available rosidl_typesupport_c: rosidl_typesupport_fastrtps_c;rosidl_typesupport_introspection_c
[0.209s] -- Using all available rosidl_typesupport_cpp: rosidl_typesupport_fastrtps_cpp;rosidl_typesupport_introspection_cpp
[0.243s] -- Found rmw_implementation_cmake: 6.1.2 (/opt/ros/humble/share/rmw_implementation_cmake/cmake)
[0.244s] -- Found rmw_fastrtps_cpp: 6.2.7 (/opt/ros/humble/share/rmw_fastrtps_cpp/cmake)
[0.367s] -- Using RMW implementation 'rmw_fastrtps_cpp' as default
[0.418s] -- Found trajectory_msgs: 4.2.4 (/opt/ros/humble/share/trajectory_msgs/cmake)
[0.448s] [0mCMake Error: File /home/samarth/GitHub/Dissertation/trial_of_server_part_14/package.xml does not exist.[0m
[0.448s] [31mCMake Error at /opt/ros/humble/share/ament_cmake_core/cmake/core/stamp.cmake:24 (configure_file):
[0.448s]   configure_file Problem configuring file
[0.448s] Call Stack (most recent call first):
[0.449s]   /opt/ros/humble/share/ament_cmake_core/cmake/core/ament_package_xml.cmake:73 (stamp)
[0.449s]   /opt/ros/humble/share/ament_cmake_core/cmake/core/ament_package_xml.cmake:49 (_ament_package_xml)
[0.449s]   /opt/ros/humble/share/ament_cmake_core/cmake/core/ament_package.cmake:63 (ament_package_xml)
[0.449s]   CMakeLists.txt:21 (ament_package)
[0.449s] 
[0.449s] [0m
[0.451s] -- Configuring incomplete, errors occurred!
[0.451s] See also "/home/samarth/GitHub/Dissertation/trial_of_server_part_14/build/middle_man/CMakeFiles/CMakeOutput.log".
[0.458s] Invoked command in '/home/samarth/GitHub/Dissertation/trial_of_server_part_14/build/middle_man' returned '1': /usr/bin/cmake /home/samarth/GitHub/Dissertation/trial_of_server_part_14 -DCMAKE_INSTALL_PREFIX=/home/samarth/GitHub/Dissertation/trial_of_server_part_14/install/middle_man
